
          -------------------------------------------------------
          Amber 18 SANDER                              2018
          -------------------------------------------------------

| Run on 10/19/2019 at 05:00:50

|   Executable path: sander
| Working directory: /home/seica/workspace/auto_cycle_1d_pmf
|          Hostname: crab.aics27.riken.jp

  [-O]verwriting output

File Assignments:
|  MDIN: simulation/umbrella_setting/run.in                                    
| MDOUT: simulation/umbrella_setting/run.out                                   
|INPCRD: simulation/init/run.rst                                               
|  PARM: simulation/init/alat.prmtop                                           
|RESTRT: simulation/umbrella_setting/run.rst                                   
|  REFC: refc                                                                  
| MDVEL: mdvel                                                                 
| MDFRC: mdfrc                                                                 
|  MDEN: mden                                                                  
| MDCRD: simulation/umbrella_setting/run.nc                                    
|MDINFO: mdinfo                                                                
|  MTMD: mtmd                                                                  
|INPDIP: inpdip                                                                
|RSTDIP: rstdip                                                                
|INPTRA: inptraj                                                               


 Here is the input file:

equilibration with restraint                                                   
 &cntrl                                                                        
   ig=599802,                                                                  
   irest=1, ntx=5,                                                             
   igb=8, gbsa=1,                                                              
   cut=9999.0, rgbmax=9998.0,                                                  
   ntc=2, ntf=1, tol=0.000001,                                                 
   ntt=3, gamma_ln=2.0, temp0=300.0,                                           
   ntb=0, nscm=10000,                                                          
   ioutfm=1,                                                                   
   nstlim=500000, dt=0.002,                                                    
   ntpr=50000, ntwx=50000, ntwv=0, ntwr=500000,                                
   nmropt=1,                                                                   
 /                                                                             
 &wt                                                                           
  type='END',                                                                  
 /                                                                             
DISANG=simulation/umbrella_setting/run.disang                                  
                                                                               

--------------------------------------------------------------------------------
   1.  RESOURCE   USE: 
--------------------------------------------------------------------------------

| Flags:                                                                        
| New format PARM file being parsed.
| Version =    1.000 Date = 04/27/13 Time = 01:42:54
 NATOM  =      32 NTYPES =       7 NBONH =      17 MBONA  =      14
 NTHETH =      36 MTHETA =      18 NPHIH =      64 MPHIA  =      45
 NHPARM =       0 NPARM  =       0 NNB   =     152 NRES   =       4
 NBONA  =      14 NTHETA =      18 NPHIA =      45 NUMBND =      11
 NUMANG =      21 NPTRA  =      20 NATYP =       8 NPHB   =       0
 IFBOX  =       0 NMXRS  =      10 IFCAP =       0 NEXTRA =       0
 NCOPY  =       0

 Implicit solvent radii are ArgH and AspGluO modified Bondi2 radii (mbondi3)                                
 Replacing prmtop screening parameters with GBn2 (igb=8) values

|     Memory Use     Allocated
|     Real                5576
|     Hollerith            102
|     Integer            23052
|     Max Pairs              1
|     nblistReal             0
|     nblist Int             0
|       Total              134 kbytes

| Note: 1-4 EEL scale factors are being read from the topology file.

| Note: 1-4 VDW scale factors are being read from the topology file.
| Duplicated    0 dihedrals
| Duplicated    0 dihedrals

--------------------------------------------------------------------------------
   2.  CONTROL  DATA  FOR  THE  RUN
--------------------------------------------------------------------------------

ACE                                                                             

General flags:
     imin    =       0, nmropt  =       1

Nature and format of input:
     ntx     =       5, irest   =       1, ntrx    =       1

Nature and format of output:
     ntxo    =       2, ntpr    =   50000, ntrx    =       1, ntwr    =  500000
     iwrap   =       0, ntwx    =   50000, ntwv    =       0, ntwe    =       0
     ioutfm  =       1, ntwprt  =       0, idecomp =       0, rbornstat=      0

Potential function:
     ntf     =       1, ntb     =       0, igb     =       8, nsnb    =      25
     ipol    =       0, gbsa    =       1, iesp    =       0
     dielc   =   1.00000, cut     =9999.00000, intdiel =   1.00000
     saltcon =   0.00000, offset  =   0.19514, surften =   0.00500
     rdt     =   0.00000, rgbmax  =9998.00000  extdiel =  78.50000
     alpb  =        0
     gbalphaH  =   0.78844, gbbetaH   =   0.79870,  gbgammaH  =    0.43733
     gbalphaC  =   0.73376, gbbetaC   =   0.50638,  gbgammaC  =    0.20584
     gbalphaN  =   0.50336, gbbetaN   =   0.31683,  gbgammaN  =    0.19292
     gbalphaOS =   0.86781, gbbetaOS  =   0.87664,  gbgammaOS =    0.38788
     gbalphaP  =   1.00000, gbbetaP   =   0.80000,  gbgammaP  =    4.85000
     gb_alpha_hnu  =   0.53705, gb_beta_hnu   =   0.36286,  gb_gamma_hnu  =    0.11670
     gb_alpha_cnu  =   0.33167, gb_beta_cnu   =   0.19684,  gb_gamma_cnu  =    0.09342
     gb_alpha_nnu  =   0.68631, gb_beta_nnu   =   0.46319,  gb_gamma_nnu  =    0.13872
     gb_alpha_onu  =   0.60634, gb_beta_onu   =   0.46301,  gb_gamma_onu  =    0.14226
     gb_alpha_pnu  =   0.41836, gb_beta_pnu   =   0.29005,  gb_gamma_pnu  =    0.10642

Frozen or restrained atoms:
     ibelly  =       0, ntr     =       0

Molecular dynamics:
     nstlim  =    500000, nscm    =     10000, nrespa  =         1
     t       =   0.00000, dt      =   0.00200, vlimit  =  20.00000

Langevin dynamics temperature regulation:
     ig      =  599802
     temp0   = 300.00000, tempi   =   0.00000, gamma_ln=   2.00000

SHAKE:
     ntc     =       2, jfastw  =       0
     tol     =   0.00000

NMR refinement options:
     iscale  =       0, noeskp  =       1, ipnlty  =       1, mxsub   =       1
     scalm   = 100.00000, pencut  =   0.10000, tausw   =   0.10000
|  INFO: Old style inpcrd file read


--------------------------------------------------------------------------------
   3.  ATOMIC COORDINATES AND VELOCITIES
--------------------------------------------------------------------------------

ACE                                                                             
 begin time read from input coords =  1000.000 ps



           Begin reading energy term weight changes/NMR restraints
 WEIGHT CHANGES:
                         ** No weight changes given **

 RESTRAINTS:
 Requested file redirections:
  DISANG    = simulation/umbrella_setting/run.disang
 Restraints will be read from file: simulation/umbrella_setting/run.disang
Here are comments from the DISANG input file:

                       Number of restraints read =     2

                  Done reading weight changes/NMR restraints


 Number of triangulated 3-point waters found:        0

--------------------------------------------------------------------------------
   4.  RESULTS
--------------------------------------------------------------------------------

|  # of SOLUTE  degrees of freedom (RNDFP):      79.
|  # of SOLVENT degrees of freedom (RNDFS):       0.
|  NDFMIN =      79.     NUM_NOSHAKE =      0     CORRECTED RNDFP =      79.
|  TOTAL # of degrees of freedom (RNDF) =      79.
| RE_POSITION Moving by   1.717038  1.946383 -1.751973
| RE_POSITION Moving by  -2.708150  5.998015 12.812997
| RE_POSITION Moving by  -1.078327 -2.859455  2.026319
| RE_POSITION Moving by   8.522504  7.647318 -0.293467
| RE_POSITION Moving by   4.035379 -3.994511 -4.038244

 NSTEP =    50000   TIME(PS) =    1100.000  TEMP(K) =   219.44  PRESS =     0.0
 Etot   =        13.0802  EKtot   =        17.2251  EPtot      =        -4.1448
 BOND   =         4.6699  ANGLE   =        17.0228  DIHED      =        28.1600
 1-4 NB =         4.5677  1-4 EEL =       105.5010  VDWAALS    =        -4.3293
 EELEC  =      -138.7039  EGB     =       -22.9937  RESTRAINT  =         0.0263
 ESURF=         1.9343
 EAMBER (non-restraint)  =        -4.1711
 ------------------------------------------------------------------------------

 NMR restraints: Bond =    0.000   Angle =     0.000   Torsion =     0.026
===============================================================================
| RE_POSITION Moving by  10.231956  8.542018  1.499488
| RE_POSITION Moving by  -3.989517 -3.893952  7.514411
| RE_POSITION Moving by   4.490556 -7.836858  6.838884
| RE_POSITION Moving by   6.334444 -1.985918 -2.139671
| RE_POSITION Moving by  -1.836774  4.778721  4.663156

 NSTEP =   100000   TIME(PS) =    1200.000  TEMP(K) =   331.65  PRESS =     0.0
 Etot   =        19.6753  EKtot   =        26.0325  EPtot      =        -6.3571
 BOND   =         8.2012  ANGLE   =        11.9421  DIHED      =        23.8620
 1-4 NB =         4.1983  1-4 EEL =       111.5421  VDWAALS    =        -3.4228
 EELEC  =      -143.3709  EGB     =       -23.7078  RESTRAINT  =         2.4435
 ESURF=         1.9553
 EAMBER (non-restraint)  =        -8.8006
 ------------------------------------------------------------------------------

 NMR restraints: Bond =    0.000   Angle =     0.000   Torsion =     2.443
===============================================================================
| RE_POSITION Moving by  -9.997188 -0.601048-12.538469
| RE_POSITION Moving by   6.193860 -7.619454 -1.475852
| RE_POSITION Moving by   7.753643 -5.000777  6.778188
| RE_POSITION Moving by   4.188722 -8.228135  1.476826
| RE_POSITION Moving by  -4.168721  1.664891 -3.475873

 NSTEP =   150000   TIME(PS) =    1300.000  TEMP(K) =   265.40  PRESS =     0.0
 Etot   =        13.5344  EKtot   =        20.8323  EPtot      =        -7.2979
 BOND   =         5.1802  ANGLE   =        14.0247  DIHED      =        26.2489
 1-4 NB =         4.5964  1-4 EEL =       104.8037  VDWAALS    =        -3.2065
 EELEC  =      -138.5534  EGB     =       -22.4050  RESTRAINT  =         0.0410
 ESURF=         1.9721
 EAMBER (non-restraint)  =        -7.3389
 ------------------------------------------------------------------------------

 NMR restraints: Bond =    0.000   Angle =     0.000   Torsion =     0.041
===============================================================================
| RE_POSITION Moving by -12.886713  4.217858 -0.325877
| RE_POSITION Moving by   9.743002  3.255985  1.884156
| RE_POSITION Moving by   0.838287 -3.966025 -2.687878
| RE_POSITION Moving by  -2.443042 -4.548759 -2.772436
| RE_POSITION Moving by  -1.297190  6.230016  1.562860

 NSTEP =   200000   TIME(PS) =    1400.000  TEMP(K) =   322.16  PRESS =     0.0
 Etot   =        21.8319  EKtot   =        25.2877  EPtot      =        -3.4558
 BOND   =         4.4133  ANGLE   =        16.1425  DIHED      =        26.1052
 1-4 NB =         4.7184  1-4 EEL =       115.5522  VDWAALS    =        -2.2002
 EELEC  =      -141.3922  EGB     =       -28.7598  RESTRAINT  =         0.0565
 ESURF=         1.9082
 EAMBER (non-restraint)  =        -3.5123
 ------------------------------------------------------------------------------

 NMR restraints: Bond =    0.000   Angle =     0.000   Torsion =     0.056
===============================================================================
| RE_POSITION Moving by  -3.879518 11.848488 -7.257771
| RE_POSITION Moving by   1.981845  0.726543  2.175034
| RE_POSITION Moving by  -6.858708 -5.643602 -0.478731
| RE_POSITION Moving by   8.248348  2.403381 -5.143074
| RE_POSITION Moving by  -0.566466 -4.706395 -0.969949

 NSTEP =   250000   TIME(PS) =    1500.000  TEMP(K) =   344.49  PRESS =     0.0
 Etot   =        23.8133  EKtot   =        27.0403  EPtot      =        -3.2270
 BOND   =         7.3333  ANGLE   =        14.7852  DIHED      =        25.2561
 1-4 NB =         3.8114  1-4 EEL =       111.9665  VDWAALS    =        -2.0438
 EELEC  =      -139.0720  EGB     =       -27.2665  RESTRAINT  =         0.0102
 ESURF=         1.9926
 EAMBER (non-restraint)  =        -3.2372
 ------------------------------------------------------------------------------

 NMR restraints: Bond =    0.000   Angle =     0.000   Torsion =     0.010
===============================================================================
| RE_POSITION Moving by   4.755783  1.362563  0.216348
| RE_POSITION Moving by   2.681386 -4.766670  6.819344
| RE_POSITION Moving by  -4.835213  0.016502  2.213325
| RE_POSITION Moving by   2.567079  3.600398  1.131582
| RE_POSITION Moving by   4.531336 -2.079858  2.281147

 NSTEP =   300000   TIME(PS) =    1600.000  TEMP(K) =   362.91  PRESS =     0.0
 Etot   =        23.4861  EKtot   =        28.4864  EPtot      =        -5.0003
 BOND   =         1.5399  ANGLE   =        16.8591  DIHED      =        26.8704
 1-4 NB =         4.3649  1-4 EEL =       109.6056  VDWAALS    =        -3.0598
 EELEC  =      -140.4803  EGB     =       -24.0943  RESTRAINT  =         1.4017
 ESURF=         1.9924
 EAMBER (non-restraint)  =        -6.4021
 ------------------------------------------------------------------------------

 NMR restraints: Bond =    0.000   Angle =     0.000   Torsion =     1.402
===============================================================================
| RE_POSITION Moving by   6.638827  7.295433 -3.177791
| RE_POSITION Moving by   6.289755  0.119935  1.699075
| RE_POSITION Moving by   2.955063 -5.906560-10.166732
| RE_POSITION Moving by   1.785754-11.774050  3.706499
| RE_POSITION Moving by -11.463713 -3.403608 -2.022476

 NSTEP =   350000   TIME(PS) =    1700.000  TEMP(K) =   310.87  PRESS =     0.0
 Etot   =        23.8124  EKtot   =        24.4014  EPtot      =        -0.5890
 BOND   =         7.4910  ANGLE   =        11.0190  DIHED      =        28.6295
 1-4 NB =         6.3327  1-4 EEL =       111.2838  VDWAALS    =        -2.6077
 EELEC  =      -141.0702  EGB     =       -25.1069  RESTRAINT  =         1.4459
 ESURF=         1.9939
 EAMBER (non-restraint)  =        -2.0349
 ------------------------------------------------------------------------------

 NMR restraints: Bond =    0.000   Angle =     0.000   Torsion =     1.446
===============================================================================
| RE_POSITION Moving by   0.990519 -6.112049 -4.581481
| RE_POSITION Moving by   4.323260 -5.752674 -1.125901
| RE_POSITION Moving by   0.212670-10.868358 -3.417459
| RE_POSITION Moving by  -2.294872  2.394074 -2.756213
| RE_POSITION Moving by  -0.214793-14.824249  1.755155

 NSTEP =   400000   TIME(PS) =    1800.000  TEMP(K) =   302.67  PRESS =     0.0
 Etot   =        18.3969  EKtot   =        23.7576  EPtot      =        -5.3606
 BOND   =         3.3898  ANGLE   =        13.7392  DIHED      =        28.2246
 1-4 NB =         4.4546  1-4 EEL =       112.8165  VDWAALS    =        -3.1877
 EELEC  =      -139.6136  EGB     =       -27.5455  RESTRAINT  =         0.3971
 ESURF=         1.9642
 EAMBER (non-restraint)  =        -5.7578
 ------------------------------------------------------------------------------

 NMR restraints: Bond =    0.000   Angle =     0.000   Torsion =     0.397
===============================================================================
| RE_POSITION Moving by  -5.613117  2.494494 -4.678222
| RE_POSITION Moving by  -1.278664  3.056111 -4.119692
| RE_POSITION Moving by   2.213381 -0.614849  7.634992
| RE_POSITION Moving by   2.567517  8.290090 -2.005664
| RE_POSITION Moving by   2.719620 -1.146154  1.998786

 NSTEP =   450000   TIME(PS) =    1900.000  TEMP(K) =   367.93  PRESS =     0.0
 Etot   =        30.1242  EKtot   =        28.8801  EPtot      =         1.2441
 BOND   =         3.1882  ANGLE   =        14.7770  DIHED      =        31.5699
 1-4 NB =         5.9737  1-4 EEL =       112.5893  VDWAALS    =        -2.6680
 EELEC  =      -143.7432  EGB     =       -22.4483  RESTRAINT  =         0.0517
 ESURF=         1.9540
 EAMBER (non-restraint)  =         1.1924
 ------------------------------------------------------------------------------

 NMR restraints: Bond =    0.000   Angle =     0.000   Torsion =     0.052
===============================================================================
| RE_POSITION Moving by   2.841607 -4.721763 -5.695313
| RE_POSITION Moving by   7.644287 -3.781837 -2.624604
| RE_POSITION Moving by   3.633352 -5.442634 -1.379844
| RE_POSITION Moving by   5.467693  2.838260 -0.366208
| RE_POSITION Moving by   5.120778  1.231295 -3.377648

 NSTEP =   500000   TIME(PS) =    2000.000  TEMP(K) =   338.48  PRESS =     0.0
 Etot   =        23.2031  EKtot   =        26.5685  EPtot      =        -3.3654
 BOND   =         3.2339  ANGLE   =        16.8801  DIHED      =        26.6804
 1-4 NB =         5.9322  1-4 EEL =       114.6092  VDWAALS    =        -3.3671
 EELEC  =      -146.6731  EGB     =       -22.9025  RESTRAINT  =         0.2192
 ESURF=         2.0222
 EAMBER (non-restraint)  =        -3.5846
 ------------------------------------------------------------------------------

 NMR restraints: Bond =    0.000   Angle =     0.000   Torsion =     0.219
===============================================================================

      A V E R A G E S   O V E R  500000 S T E P S


 NSTEP =   500000   TIME(PS) =    2000.000  TEMP(K) =   300.19  PRESS =     0.0
 Etot   =        19.8848  EKtot   =        23.5630  EPtot      =        -3.6783
 BOND   =         5.4778  ANGLE   =        15.5377  DIHED      =        26.6216
 1-4 NB =         4.6960  1-4 EEL =       111.7345  VDWAALS    =        -3.2883
 EELEC  =      -142.7363  EGB     =       -24.2601  RESTRAINT  =         0.5868
 ESURF=         1.9519
 EAMBER (non-restraint)  =        -4.2651
 ------------------------------------------------------------------------------

 NMR restraints: Bond =    0.000   Angle =     0.000   Torsion =     0.219
===============================================================================

      R M S  F L U C T U A T I O N S


 NSTEP =   500000   TIME(PS) =    2000.000  TEMP(K) =    47.95  PRESS =     0.0
 Etot   =         5.4914  EKtot   =         3.7636  EPtot      =         3.9489
 BOND   =         2.0086  ANGLE   =         3.1816  DIHED      =         1.7907
 1-4 NB =         0.9587  1-4 EEL =         3.0910  VDWAALS    =         0.8403
 EELEC  =         3.7084  EGB     =         2.7150  RESTRAINT  =         1.2516
 ESURF=         0.0414
 EAMBER (non-restraint)  =         2.6974
 ------------------------------------------------------------------------------


 NMR restraints on final step:


--------------------------------------------------------------------------------
   5.  TIMINGS
--------------------------------------------------------------------------------

|                Calc gb radii             21.83 (24.31% of Gen B)
|                Calc gb diag              32.67 (36.39% of Gen B)
|                Calc gb off-diag          15.77 (17.57% of Gen B)
|                Surface area energy       19.35 (21.55% of Gen B)
|                Other                      0.16 ( 0.18% of Gen B)
|             Gen Born time             89.78 (100.0% of Nonbo)
|             IPS excludes               0.02 ( 0.02% of Nonbo)
|          Nonbond force             89.80 (85.69% of Force)
|          Bond/Angle/Dihedral       14.03 (13.39% of Force)
|          Other                      0.96 ( 0.92% of Force)
|       Force time               104.79 (94.70% of Runmd)
|       Shake time                 0.68 ( 0.61% of Runmd)
|       Verlet update time         5.07 ( 4.58% of Runmd)
|       Other                      0.12 ( 0.11% of Runmd)
|    Runmd Time               110.66 (100.0% of Total)
|    Other                      0.01 ( 0.01% of Total)
| Total time               110.67 (100.0% of ALL  )

| Number of list builds   :          0

| Highest rstack allocated:          0
| Highest istack allocated:          0

| Final Performance Info:
| -----------------------------------------------------
| Average timings for all steps:
|     Elapsed(s) =     110.66 Per Step(ms) =       0.22
|         ns/day =     780.77   seconds/ns =     110.66
| -----------------------------------------------------

|           Job began  at 05:00:50.319  on 10/19/2019
|           Setup done at 05:00:50.327  on 10/19/2019
|           Run   done at 05:02:40.987  on 10/19/2019
|     wallclock() was called13000023 times

|3D-RISM memory allocation summary
|Type          Maximum        Current   
|Integer       0.00000 GB     0.00000 GB
|Real          0.00000 GB     0.00000 GB
|Logical       0.00000 GB     0.00000 GB
|Character     0.00000 GB     0.00000 GB
|---------------------------------------
|Total         0.00000 GB     0.00000 GB
