
          -------------------------------------------------------
          Amber 18 SANDER                              2018
          -------------------------------------------------------

| Run on 10/03/2019 at 00:27:25

|   Executable path: sander
| Working directory: /home/seica/workspace/2/auto_cycle
|          Hostname: crab.aics27.riken.jp

  [-O]verwriting output

File Assignments:
|  MDIN: simulation/init/run.in                                                
| MDOUT: simulation/init/run.out                                               
|INPCRD: simulation/init/alat.crd                                              
|  PARM: simulation/init/alat.prmtop                                           
|RESTRT: simulation/init/run.rst                                               
|  REFC: refc                                                                  
| MDVEL: mdvel                                                                 
| MDFRC: mdfrc                                                                 
|  MDEN: mden                                                                  
| MDCRD: simulation/init/run.nc                                                
|MDINFO: mdinfo                                                                
|  MTMD: mtmd                                                                  
|INPDIP: inpdip                                                                
|RSTDIP: rstdip                                                                
|INPTRA: inptraj                                                               


 Here is the input file:

equilibration without restraint                                                
 &cntrl                                                                        
   ig=-1,                                                                      
   irest=0, ntx=1,                                                             
   igb=8, gbsa=1,                                                              
   cut=9999.0, rgbmax=9998.0,                                                  
   ntc=2, ntf=1, tol=0.000001,                                                 
   ntt=3, gamma_ln=2.0, tempi=0.1,                                             
   ntb=0, nscm=10000,                                                          
   ioutfm=1,                                                                   
   nstlim=500000, dt=0.002,                                                    
   ntpr=50000, ntwx=50000, ntwv=0, ntwr=500000,                                
   nmropt=1,                                                                   
 /                                                                             
 &wt                                                                           
   type='TEMP0', istep1=0, istep2=250000, value1=0.1, value2=300.0,            
 /                                                                             
 &wt                                                                           
   type='END'                                                                  
 /                                                                             
                                                                               

--------------------------------------------------------------------------------
   1.  RESOURCE   USE: 
--------------------------------------------------------------------------------

| Flags:                                                                        
| New format PARM file being parsed.
| Version =    1.000 Date = 04/27/13 Time = 01:42:54
 NATOM  =      32 NTYPES =       7 NBONH =      17 MBONA  =      14
 NTHETH =      36 MTHETA =      18 NPHIH =      64 MPHIA  =      45
 NHPARM =       0 NPARM  =       0 NNB   =     152 NRES   =       4
 NBONA  =      14 NTHETA =      18 NPHIA =      45 NUMBND =      11
 NUMANG =      21 NPTRA  =      20 NATYP =       8 NPHB   =       0
 IFBOX  =       0 NMXRS  =      10 IFCAP =       0 NEXTRA =       0
 NCOPY  =       0

 Implicit solvent radii are ArgH and AspGluO modified Bondi2 radii (mbondi3)                                
 Replacing prmtop screening parameters with GBn2 (igb=8) values

|     Memory Use     Allocated
|     Real                5528
|     Hollerith            102
|     Integer            22991
|     Max Pairs              1
|     nblistReal             0
|     nblist Int             0
|       Total              133 kbytes

| Note: 1-4 EEL scale factors are being read from the topology file.

| Note: 1-4 VDW scale factors are being read from the topology file.
| Duplicated    0 dihedrals
| Duplicated    0 dihedrals
Note: ig = -1. Setting random seed to   752986 based on wallclock time in microseconds.

--------------------------------------------------------------------------------
   2.  CONTROL  DATA  FOR  THE  RUN
--------------------------------------------------------------------------------

ACE                                                                             

General flags:
     imin    =       0, nmropt  =       1

Nature and format of input:
     ntx     =       1, irest   =       0, ntrx    =       1

Nature and format of output:
     ntxo    =       2, ntpr    =   50000, ntrx    =       1, ntwr    =  500000
     iwrap   =       0, ntwx    =   50000, ntwv    =       0, ntwe    =       0
     ioutfm  =       1, ntwprt  =       0, idecomp =       0, rbornstat=      0

Potential function:
     ntf     =       1, ntb     =       0, igb     =       8, nsnb    =      25
     ipol    =       0, gbsa    =       1, iesp    =       0
     dielc   =   1.00000, cut     =9999.00000, intdiel =   1.00000
     saltcon =   0.00000, offset  =   0.19514, surften =   0.00500
     rdt     =   0.00000, rgbmax  =9998.00000  extdiel =  78.50000
     alpb  =        0
     gbalphaH  =   0.78844, gbbetaH   =   0.79870,  gbgammaH  =    0.43733
     gbalphaC  =   0.73376, gbbetaC   =   0.50638,  gbgammaC  =    0.20584
     gbalphaN  =   0.50336, gbbetaN   =   0.31683,  gbgammaN  =    0.19292
     gbalphaOS =   0.86781, gbbetaOS  =   0.87664,  gbgammaOS =    0.38788
     gbalphaP  =   1.00000, gbbetaP   =   0.80000,  gbgammaP  =    4.85000
     gb_alpha_hnu  =   0.53705, gb_beta_hnu   =   0.36286,  gb_gamma_hnu  =    0.11670
     gb_alpha_cnu  =   0.33167, gb_beta_cnu   =   0.19684,  gb_gamma_cnu  =    0.09342
     gb_alpha_nnu  =   0.68631, gb_beta_nnu   =   0.46319,  gb_gamma_nnu  =    0.13872
     gb_alpha_onu  =   0.60634, gb_beta_onu   =   0.46301,  gb_gamma_onu  =    0.14226
     gb_alpha_pnu  =   0.41836, gb_beta_pnu   =   0.29005,  gb_gamma_pnu  =    0.10642

Frozen or restrained atoms:
     ibelly  =       0, ntr     =       0

Molecular dynamics:
     nstlim  =    500000, nscm    =     10000, nrespa  =         1
     t       =   0.00000, dt      =   0.00200, vlimit  =  20.00000

Langevin dynamics temperature regulation:
     ig      =  752986
     temp0   = 300.00000, tempi   =   0.10000, gamma_ln=   2.00000

SHAKE:
     ntc     =       2, jfastw  =       0
     tol     =   0.00000

NMR refinement options:
     iscale  =       0, noeskp  =       1, ipnlty  =       1, mxsub   =       1
     scalm   = 100.00000, pencut  =   0.10000, tausw   =   0.10000
|  INFO: Old style inpcrd file read


--------------------------------------------------------------------------------
   3.  ATOMIC COORDINATES AND VELOCITIES
--------------------------------------------------------------------------------

ACE                                                                             
 begin time read from input coords =     0.000 ps



           Begin reading energy term weight changes/NMR restraints
 WEIGHT CHANGES:
 TEMP0         0 250000    0.100000  300.000000      0      0

 RESTRAINTS:
                          ** No restraint defined **

                  Done reading weight changes/NMR restraints


 Number of triangulated 3-point waters found:        0

--------------------------------------------------------------------------------
   4.  RESULTS
--------------------------------------------------------------------------------

|  # of SOLUTE  degrees of freedom (RNDFP):      79.
|  # of SOLVENT degrees of freedom (RNDFS):       0.
|  NDFMIN =      79.     NUM_NOSHAKE =      0     CORRECTED RNDFP =      79.
|  TOTAL # of degrees of freedom (RNDF) =      79.

 NSTEP =        0   TIME(PS) =       0.000  TEMP(K) =     0.12  PRESS =     0.0
 Etot   =       -19.1328  EKtot   =         0.0092  EPtot      =       -19.1420
 BOND   =         0.0209  ANGLE   =         0.6618  DIHED      =        16.9003
 1-4 NB =         8.7172  1-4 EEL =       121.7184  VDWAALS    =         4.7277
 EELEC  =      -153.0987  EGB     =       -20.7761  RESTRAINT  =         0.0000
 ESURF=         1.9864
 ------------------------------------------------------------------------------

 NMR restraints: Bond =    0.000   Angle =     0.000   Torsion =     0.000
===============================================================================
| RE_POSITION Moving by   0.624901 -0.206520 -0.735270
| RE_POSITION Moving by  -0.339992 -0.784942 -0.623051
| RE_POSITION Moving by   0.870726 -0.452520  1.466902
| RE_POSITION Moving by  -4.294021  0.536888 -1.866594
| RE_POSITION Moving by   3.610574  3.059082 -0.099118

 NSTEP =    50000   TIME(PS) =     100.000  TEMP(K) =    70.10  PRESS =     0.0
 Etot   =       -23.7856  EKtot   =         5.5021  EPtot      =       -29.2877
 BOND   =         1.7069  ANGLE   =         5.0562  DIHED      =        16.0781
 1-4 NB =         4.3445  1-4 EEL =       118.1613  VDWAALS    =        -3.4472
 EELEC  =      -148.5851  EGB     =       -24.5982  RESTRAINT  =         0.0000
 ESURF=         1.9957
 ------------------------------------------------------------------------------

 NMR restraints: Bond =    0.000   Angle =     0.000   Torsion =     0.000
===============================================================================
| RE_POSITION Moving by  -2.859065  1.103942 -0.302503
| RE_POSITION Moving by  -1.556289 -1.056037  1.773469
| RE_POSITION Moving by  -4.296320  5.694928  0.396649
| RE_POSITION Moving by  -2.317998  1.042770 -3.148147
| RE_POSITION Moving by  -1.495121  3.364374 -2.413309

 NSTEP =   100000   TIME(PS) =     200.000  TEMP(K) =   112.07  PRESS =     0.0
 Etot   =       -16.8774  EKtot   =         8.7966  EPtot      =       -25.6741
 BOND   =         1.9415  ANGLE   =         4.8987  DIHED      =        16.5725
 1-4 NB =         5.3617  1-4 EEL =       116.0824  VDWAALS    =        -2.5557
 EELEC  =      -147.8030  EGB     =       -22.1820  RESTRAINT  =         0.0000
 ESURF=         2.0097
 ------------------------------------------------------------------------------

 NMR restraints: Bond =    0.000   Angle =     0.000   Torsion =     0.000
===============================================================================
| RE_POSITION Moving by   3.247070 -2.829329 -2.428078
| RE_POSITION Moving by   4.195907 -2.772572  5.043504
| RE_POSITION Moving by  -3.721498 -2.028028 -1.005378
| RE_POSITION Moving by  -4.384036  0.431181 -3.346704
| RE_POSITION Moving by   0.181045 -7.889758  4.232174

 NSTEP =   150000   TIME(PS) =     300.000  TEMP(K) =   195.61  PRESS =     0.0
 Etot   =        -9.6784  EKtot   =        15.3542  EPtot      =       -25.0325
 BOND   =         3.1952  ANGLE   =         7.2706  DIHED      =        17.6174
 1-4 NB =         4.3905  1-4 EEL =       113.7844  VDWAALS    =        -3.5219
 EELEC  =      -145.3290  EGB     =       -24.4456  RESTRAINT  =         0.0000
 ESURF=         2.0058
 ------------------------------------------------------------------------------

 NMR restraints: Bond =    0.000   Angle =     0.000   Torsion =     0.000
===============================================================================
| RE_POSITION Moving by   4.398399  0.905203 -8.099005
| RE_POSITION Moving by   0.262767  2.225112 -1.797436
| RE_POSITION Moving by   2.734338  0.037320  1.423870
| RE_POSITION Moving by   5.134575 -1.258446  0.862461
| RE_POSITION Moving by   6.005700 -2.373465  0.521174

 NSTEP =   200000   TIME(PS) =     400.000  TEMP(K) =   223.06  PRESS =     0.0
 Etot   =         1.3874  EKtot   =        17.5087  EPtot      =       -16.1213
 BOND   =         5.8925  ANGLE   =        10.8349  DIHED      =        18.0287
 1-4 NB =         5.3124  1-4 EEL =       117.0269  VDWAALS    =        -3.2780
 EELEC  =      -143.0151  EGB     =       -28.8906  RESTRAINT  =         0.0000
 ESURF=         1.9670
 ------------------------------------------------------------------------------

 NMR restraints: Bond =    0.000   Angle =     0.000   Torsion =     0.000
===============================================================================
| RE_POSITION Moving by  -3.065371 -5.197030 -3.387115
| RE_POSITION Moving by  -2.576463 -5.550623 -6.664773
| RE_POSITION Moving by   8.502758 -6.545867  6.434827
| RE_POSITION Moving by   1.708121 -0.813669 -3.473256
| RE_POSITION Moving by  -8.794439 -0.960966 -5.457495

 NSTEP =   250000   TIME(PS) =     500.000  TEMP(K) =   275.74  PRESS =     0.0
 Etot   =        10.7485  EKtot   =        21.6436  EPtot      =       -10.8951
 BOND   =         5.2628  ANGLE   =        14.3258  DIHED      =        19.9404
 1-4 NB =         5.2914  1-4 EEL =       117.9349  VDWAALS    =        -3.5517
 EELEC  =      -150.3286  EGB     =       -21.7129  RESTRAINT  =         0.0000
 ESURF=         1.9428
 ------------------------------------------------------------------------------

 NMR restraints: Bond =    0.000   Angle =     0.000   Torsion =     0.000
===============================================================================
| RE_POSITION Moving by   3.405910 -1.865758  5.334689
| RE_POSITION Moving by  -1.196541  3.823216 -1.240795
| RE_POSITION Moving by  -1.537275 -2.779001  0.083424
| RE_POSITION Moving by   6.287071  9.715676  0.345474
| RE_POSITION Moving by  -7.447670  0.216544 -0.637632

 NSTEP =   300000   TIME(PS) =     600.000  TEMP(K) =   216.25  PRESS =     0.0
 Etot   =         8.6154  EKtot   =        16.9742  EPtot      =        -8.3588
 BOND   =         5.0467  ANGLE   =        14.7533  DIHED      =        21.7771
 1-4 NB =         6.6577  1-4 EEL =       121.7875  VDWAALS    =        -3.4968
 EELEC  =      -152.8492  EGB     =       -23.9847  RESTRAINT  =         0.0000
 ESURF=         1.9495
 ------------------------------------------------------------------------------

 NMR restraints: Bond =    0.000   Angle =     0.000   Torsion =     0.000
===============================================================================
| RE_POSITION Moving by  -4.976506 -1.683919 -2.354102
| RE_POSITION Moving by   0.839941  5.873758  5.792282
| RE_POSITION Moving by   4.940775  1.659481 -8.634382
| RE_POSITION Moving by  -2.527885 -2.388530 -5.970786
| RE_POSITION Moving by   0.008788  1.958084  0.688894

 NSTEP =   350000   TIME(PS) =     700.000  TEMP(K) =   216.66  PRESS =     0.0
 Etot   =         3.0869  EKtot   =        17.0066  EPtot      =       -13.9197
 BOND   =         2.6727  ANGLE   =        17.5969  DIHED      =        19.8425
 1-4 NB =         5.6785  1-4 EEL =       112.6343  VDWAALS    =        -3.9229
 EELEC  =      -147.2555  EGB     =       -23.0607  RESTRAINT  =         0.0000
 ESURF=         1.8946
 ------------------------------------------------------------------------------

 NMR restraints: Bond =    0.000   Angle =     0.000   Torsion =     0.000
===============================================================================
| RE_POSITION Moving by   0.978122 -5.947573  4.205814
| RE_POSITION Moving by  -1.782379  2.199790 -1.852136
| RE_POSITION Moving by   0.480217  0.956563  0.446996
| RE_POSITION Moving by  -7.093272 -1.558557  4.725898
| RE_POSITION Moving by  -2.005963  8.922404  0.477567

 NSTEP =   400000   TIME(PS) =     800.000  TEMP(K) =   266.24  PRESS =     0.0
 Etot   =         7.3794  EKtot   =        20.8982  EPtot      =       -13.5189
 BOND   =         8.6527  ANGLE   =        12.5091  DIHED      =        19.5650
 1-4 NB =         3.9576  1-4 EEL =       117.1479  VDWAALS    =        -3.6225
 EELEC  =      -145.8500  EGB     =       -27.8543  RESTRAINT  =         0.0000
 ESURF=         1.9755
 ------------------------------------------------------------------------------

 NMR restraints: Bond =    0.000   Angle =     0.000   Torsion =     0.000
===============================================================================
| RE_POSITION Moving by  -4.730752  2.416944  3.957697
| RE_POSITION Moving by  -2.629972  1.466789 -2.937519
| RE_POSITION Moving by   0.703387 -4.431183 -0.010921
| RE_POSITION Moving by  -5.889018 -1.088472 -3.772510
| RE_POSITION Moving by   8.754483  2.467216 -0.379542

 NSTEP =   450000   TIME(PS) =     900.000  TEMP(K) =   308.46  PRESS =     0.0
 Etot   =        13.3016  EKtot   =        24.2119  EPtot      =       -10.9103
 BOND   =         3.8487  ANGLE   =        15.2787  DIHED      =        22.5551
 1-4 NB =         3.9353  1-4 EEL =       113.5873  VDWAALS    =        -2.2932
 EELEC  =      -149.2907  EGB     =       -20.5381  RESTRAINT  =         0.0000
 ESURF=         2.0067
 ------------------------------------------------------------------------------

 NMR restraints: Bond =    0.000   Angle =     0.000   Torsion =     0.000
===============================================================================
| RE_POSITION Moving by  -6.694408 -1.746916  2.033624
| RE_POSITION Moving by  -4.100155  0.704493 -1.422704
| RE_POSITION Moving by  -4.483290 -2.358234  2.251091
| RE_POSITION Moving by  -4.059402 14.798693-12.728997
| RE_POSITION Moving by  -2.871274 -3.421846  6.869509

 NSTEP =   500000   TIME(PS) =    1000.000  TEMP(K) =   291.68  PRESS =     0.0
 Etot   =        15.5020  EKtot   =        22.8951  EPtot      =        -7.3931
 BOND   =        12.3014  ANGLE   =        11.9459  DIHED      =        20.4825
 1-4 NB =         4.2476  1-4 EEL =       115.8168  VDWAALS    =        -3.0661
 EELEC  =      -144.7790  EGB     =       -26.3387  RESTRAINT  =         0.0000
 ESURF=         1.9966
 ------------------------------------------------------------------------------

 NMR restraints: Bond =    0.000   Angle =     0.000   Torsion =     0.000
===============================================================================

      A V E R A G E S   O V E R  500000 S T E P S


 NSTEP =   500000   TIME(PS) =    1000.000  TEMP(K) =   224.34  PRESS =     0.0
 Etot   =        -0.0365  EKtot   =        17.6096  EPtot      =       -17.6461
 BOND   =         4.2523  ANGLE   =        10.9848  DIHED      =        18.6913
 1-4 NB =         5.0922  1-4 EEL =       117.0223  VDWAALS    =        -3.3403
 EELEC  =      -147.8705  EGB     =       -24.4487  RESTRAINT  =         0.0000
 ESURF=         1.9704
 ------------------------------------------------------------------------------

 NMR restraints: Bond =    0.000   Angle =     0.000   Torsion =     0.000
===============================================================================

      R M S  F L U C T U A T I O N S


 NSTEP =   500000   TIME(PS) =    1000.000  TEMP(K) =   104.33  PRESS =     0.0
 Etot   =        15.4122  EKtot   =         8.1895  EPtot      =         7.8227
 BOND   =         2.2348  ANGLE   =         4.9124  DIHED      =         2.0268
 1-4 NB =         0.9525  1-4 EEL =         2.7442  VDWAALS    =         0.6033
 EELEC  =         3.0379  EGB     =         1.8801  RESTRAINT  =         0.0000
 ESURF=         0.0379
 ------------------------------------------------------------------------------


 NMR restraints on final step:


--------------------------------------------------------------------------------
   5.  TIMINGS
--------------------------------------------------------------------------------

|                Calc gb radii             21.35 (24.59% of Gen B)
|                Calc gb diag              31.68 (36.48% of Gen B)
|                Calc gb off-diag          15.82 (18.22% of Gen B)
|                Surface area energy       17.83 (20.53% of Gen B)
|                Other                      0.16 ( 0.18% of Gen B)
|             Gen Born time             86.85 (100.0% of Nonbo)
|             IPS excludes               0.02 ( 0.02% of Nonbo)
|          Nonbond force             86.87 (85.39% of Force)
|          Bond/Angle/Dihedral       14.14 (13.90% of Force)
|          Other                      0.71 ( 0.70% of Force)
|       Force time               101.73 (94.57% of Runmd)
|       Shake time                 0.67 ( 0.63% of Runmd)
|       Verlet update time         5.04 ( 4.68% of Runmd)
|       Other                      0.13 ( 0.12% of Runmd)
|    Runmd Time               107.57 (100.0% of Total)
|    Other                      0.02 ( 0.02% of Total)
| Total time               107.59 (100.0% of ALL  )

| Number of list builds   :          0

| Highest rstack allocated:          0
| Highest istack allocated:          0

| Final Performance Info:
| -----------------------------------------------------
| Average timings for all steps:
|     Elapsed(s) =     107.57 Per Step(ms) =       0.22
|         ns/day =     803.20   seconds/ns =     107.57
| -----------------------------------------------------

|           Job began  at 00:27:25.747  on 10/03/2019
|           Setup done at 00:27:25.766  on 10/03/2019
|           Run   done at 00:29:13.336  on 10/03/2019
|     wallclock() was called13000043 times

|3D-RISM memory allocation summary
|Type          Maximum        Current   
|Integer       0.00000 GB     0.00000 GB
|Real          0.00000 GB     0.00000 GB
|Logical       0.00000 GB     0.00000 GB
|Character     0.00000 GB     0.00000 GB
|---------------------------------------
|Total         0.00000 GB     0.00000 GB
