
          -------------------------------------------------------
          Amber 18 SANDER                              2018
          -------------------------------------------------------

| Run on 10/03/2019 at 06:50:22

|   Executable path: sander
| Working directory: /home/seica/workspace/2/auto_cycle
|          Hostname: crab.aics27.riken.jp

  [-O]verwriting output

File Assignments:
|  MDIN: simulation/production/run.in                                          
| MDOUT: simulation/production/run.out                                         
|INPCRD: simulation/umbrella_setting/run.rst                                   
|  PARM: simulation/init/alat.prmtop                                           
|RESTRT: simulation/production/run.rst                                         
|  REFC: refc                                                                  
| MDVEL: mdvel                                                                 
| MDFRC: mdfrc                                                                 
|  MDEN: mden                                                                  
| MDCRD: simulation/production/run.nc                                          
|MDINFO: mdinfo                                                                
|  MTMD: mtmd                                                                  
|INPDIP: inpdip                                                                
|RSTDIP: rstdip                                                                
|INPTRA: inptraj                                                               


 Here is the input file:

production with restraint                                                      
 &cntrl                                                                        
   ig=419022,                                                                  
   irest=1, ntx=5,                                                             
   igb=8, gbsa=1,                                                              
   cut=9999.0, rgbmax=9998.0,                                                  
   ntc=2, ntf=1, tol=0.000001,                                                 
   ntt=3, gamma_ln=2.0, temp0=300.0,                                           
   ntb=0, nscm=10000,                                                          
   ioutfm=1,                                                                   
   nstlim=500000, dt=0.002,                                                    
   ntpr=5000, ntwx=5000, ntwv=0, ntwr=500000,                                  
   nmropt=1,                                                                   
 /                                                                             
 &wt                                                                           
  type='DUMPFREQ', istep1=5000,                                                
 /                                                                             
 &wt                                                                           
  type='END',                                                                  
 /                                                                             
DISANG=simulation/production/run.disang                                        
DUMPAVE=simulation/data/run_99.dat                                             
                                                                               

--------------------------------------------------------------------------------
   1.  RESOURCE   USE: 
--------------------------------------------------------------------------------

| Flags:                                                                        
| New format PARM file being parsed.
| Version =    1.000 Date = 04/27/13 Time = 01:42:54
 NATOM  =      32 NTYPES =       7 NBONH =      17 MBONA  =      14
 NTHETH =      36 MTHETA =      18 NPHIH =      64 MPHIA  =      45
 NHPARM =       0 NPARM  =       0 NNB   =     152 NRES   =       4
 NBONA  =      14 NTHETA =      18 NPHIA =      45 NUMBND =      11
 NUMANG =      21 NPTRA  =      20 NATYP =       8 NPHB   =       0
 IFBOX  =       0 NMXRS  =      10 IFCAP =       0 NEXTRA =       0
 NCOPY  =       0

 Implicit solvent radii are ArgH and AspGluO modified Bondi2 radii (mbondi3)                                
 Replacing prmtop screening parameters with GBn2 (igb=8) values

|     Memory Use     Allocated
|     Real                5553
|     Hollerith            102
|     Integer            23024
|     Max Pairs              1
|     nblistReal             0
|     nblist Int             0
|       Total              133 kbytes

| Note: 1-4 EEL scale factors are being read from the topology file.

| Note: 1-4 VDW scale factors are being read from the topology file.
| Duplicated    0 dihedrals
| Duplicated    0 dihedrals

--------------------------------------------------------------------------------
   2.  CONTROL  DATA  FOR  THE  RUN
--------------------------------------------------------------------------------

ACE                                                                             

General flags:
     imin    =       0, nmropt  =       1

Nature and format of input:
     ntx     =       5, irest   =       1, ntrx    =       1

Nature and format of output:
     ntxo    =       2, ntpr    =    5000, ntrx    =       1, ntwr    =  500000
     iwrap   =       0, ntwx    =    5000, ntwv    =       0, ntwe    =       0
     ioutfm  =       1, ntwprt  =       0, idecomp =       0, rbornstat=      0

Potential function:
     ntf     =       1, ntb     =       0, igb     =       8, nsnb    =      25
     ipol    =       0, gbsa    =       1, iesp    =       0
     dielc   =   1.00000, cut     =9999.00000, intdiel =   1.00000
     saltcon =   0.00000, offset  =   0.19514, surften =   0.00500
     rdt     =   0.00000, rgbmax  =9998.00000  extdiel =  78.50000
     alpb  =        0
     gbalphaH  =   0.78844, gbbetaH   =   0.79870,  gbgammaH  =    0.43733
     gbalphaC  =   0.73376, gbbetaC   =   0.50638,  gbgammaC  =    0.20584
     gbalphaN  =   0.50336, gbbetaN   =   0.31683,  gbgammaN  =    0.19292
     gbalphaOS =   0.86781, gbbetaOS  =   0.87664,  gbgammaOS =    0.38788
     gbalphaP  =   1.00000, gbbetaP   =   0.80000,  gbgammaP  =    4.85000
     gb_alpha_hnu  =   0.53705, gb_beta_hnu   =   0.36286,  gb_gamma_hnu  =    0.11670
     gb_alpha_cnu  =   0.33167, gb_beta_cnu   =   0.19684,  gb_gamma_cnu  =    0.09342
     gb_alpha_nnu  =   0.68631, gb_beta_nnu   =   0.46319,  gb_gamma_nnu  =    0.13872
     gb_alpha_onu  =   0.60634, gb_beta_onu   =   0.46301,  gb_gamma_onu  =    0.14226
     gb_alpha_pnu  =   0.41836, gb_beta_pnu   =   0.29005,  gb_gamma_pnu  =    0.10642

Frozen or restrained atoms:
     ibelly  =       0, ntr     =       0

Molecular dynamics:
     nstlim  =    500000, nscm    =     10000, nrespa  =         1
     t       =   0.00000, dt      =   0.00200, vlimit  =  20.00000

Langevin dynamics temperature regulation:
     ig      =  419022
     temp0   = 300.00000, tempi   =   0.00000, gamma_ln=   2.00000

SHAKE:
     ntc     =       2, jfastw  =       0
     tol     =   0.00000

NMR refinement options:
     iscale  =       0, noeskp  =       1, ipnlty  =       1, mxsub   =       1
     scalm   = 100.00000, pencut  =   0.10000, tausw   =   0.10000
|  INFO: Old style inpcrd file read


--------------------------------------------------------------------------------
   3.  ATOMIC COORDINATES AND VELOCITIES
--------------------------------------------------------------------------------

ACE                                                                             
 begin time read from input coords =  2000.000 ps



           Begin reading energy term weight changes/NMR restraints
 WEIGHT CHANGES:
 DUMPFREQ   5000      0    0.000000    0.000000      0      0
                         ** No weight changes given **

 RESTRAINTS:
 Requested file redirections:
  DISANG    = simulation/production/run.disang
  DUMPAVE   = simulation/data/run_99.dat
 Restraints will be read from file: simulation/production/run.disang
Here are comments from the DISANG input file:

                       Number of restraints read =     1

                  Done reading weight changes/NMR restraints


 Number of triangulated 3-point waters found:        0

--------------------------------------------------------------------------------
   4.  RESULTS
--------------------------------------------------------------------------------

|  # of SOLUTE  degrees of freedom (RNDFP):      79.
|  # of SOLVENT degrees of freedom (RNDFS):       0.
|  NDFMIN =      79.     NUM_NOSHAKE =      0     CORRECTED RNDFP =      79.
|  TOTAL # of degrees of freedom (RNDF) =      79.

 NSTEP =     5000   TIME(PS) =    2010.000  TEMP(K) =   283.28  PRESS =     0.0
 Etot   =        23.5739  EKtot   =        22.2358  EPtot      =         1.3380
 BOND   =         6.5004  ANGLE   =        11.4688  DIHED      =        33.5487
 1-4 NB =         5.9330  1-4 EEL =       121.3986  VDWAALS    =        -3.6532
 EELEC  =      -154.5213  EGB     =       -21.5469  RESTRAINT  =         0.3341
 ESURF=         1.8759
 EAMBER (non-restraint)  =         1.0040
 ------------------------------------------------------------------------------

 NMR restraints: Bond =    0.000   Angle =     0.000   Torsion =     0.334
===============================================================================
| RE_POSITION Moving by   1.623339  0.520454  3.759107

 NSTEP =    10000   TIME(PS) =    2020.000  TEMP(K) =   262.67  PRESS =     0.0
 Etot   =        17.0493  EKtot   =        20.6179  EPtot      =        -3.5685
 BOND   =         4.4087  ANGLE   =        15.4675  DIHED      =        28.3514
 1-4 NB =         4.8096  1-4 EEL =       122.8481  VDWAALS    =        -4.8521
 EELEC  =      -152.7942  EGB     =       -23.9198  RESTRAINT  =         0.2047
 ESURF=         1.9075
 EAMBER (non-restraint)  =        -3.7733
 ------------------------------------------------------------------------------

 NMR restraints: Bond =    0.000   Angle =     0.000   Torsion =     0.205
===============================================================================

 NSTEP =    15000   TIME(PS) =    2030.000  TEMP(K) =   303.72  PRESS =     0.0
 Etot   =        31.4483  EKtot   =        23.8400  EPtot      =         7.6083
 BOND   =         8.9680  ANGLE   =        18.1982  DIHED      =        32.7561
 1-4 NB =         4.1968  1-4 EEL =       113.8972  VDWAALS    =        -4.1226
 EELEC  =      -146.1115  EGB     =       -23.9874  RESTRAINT  =         1.8606
 ESURF=         1.9529
 EAMBER (non-restraint)  =         5.7477
 ------------------------------------------------------------------------------

 NMR restraints: Bond =    0.000   Angle =     0.000   Torsion =     1.861
===============================================================================
| RE_POSITION Moving by   1.030256  4.255898  1.063210

 NSTEP =    20000   TIME(PS) =    2040.000  TEMP(K) =   312.60  PRESS =     0.0
 Etot   =        18.4946  EKtot   =        24.5369  EPtot      =        -6.0423
 BOND   =         2.6849  ANGLE   =        13.1692  DIHED      =        31.9214
 1-4 NB =         4.1686  1-4 EEL =       118.6879  VDWAALS    =        -5.7054
 EELEC  =      -152.5232  EGB     =       -20.2942  RESTRAINT  =         0.0085
 ESURF=         1.8399
 EAMBER (non-restraint)  =        -6.0508
 ------------------------------------------------------------------------------

 NMR restraints: Bond =    0.000   Angle =     0.000   Torsion =     0.008
===============================================================================

 NSTEP =    25000   TIME(PS) =    2050.000  TEMP(K) =   255.88  PRESS =     0.0
 Etot   =        21.2463  EKtot   =        20.0849  EPtot      =         1.1614
 BOND   =         5.1247  ANGLE   =        17.6932  DIHED      =        29.4758
 1-4 NB =         5.9870  1-4 EEL =       118.2406  VDWAALS    =        -5.6435
 EELEC  =      -149.9230  EGB     =       -22.9477  RESTRAINT  =         1.3178
 ESURF=         1.8366
 EAMBER (non-restraint)  =        -0.1564
 ------------------------------------------------------------------------------

 NMR restraints: Bond =    0.000   Angle =     0.000   Torsion =     1.318
===============================================================================
| RE_POSITION Moving by   2.677835  0.589278 -6.544949

 NSTEP =    30000   TIME(PS) =    2060.000  TEMP(K) =   263.87  PRESS =     0.0
 Etot   =        14.7799  EKtot   =        20.7119  EPtot      =        -5.9320
 BOND   =         3.8806  ANGLE   =        13.3977  DIHED      =        33.2115
 1-4 NB =         3.7225  1-4 EEL =       114.4105  VDWAALS    =        -5.0157
 EELEC  =      -149.9002  EGB     =       -21.4916  RESTRAINT  =         0.0408
 ESURF=         1.8118
 EAMBER (non-restraint)  =        -5.9728
 ------------------------------------------------------------------------------

 NMR restraints: Bond =    0.000   Angle =     0.000   Torsion =     0.041
===============================================================================

 NSTEP =    35000   TIME(PS) =    2070.000  TEMP(K) =   245.57  PRESS =     0.0
 Etot   =        19.6205  EKtot   =        19.2759  EPtot      =         0.3446
 BOND   =         7.5745  ANGLE   =        14.7700  DIHED      =        30.3135
 1-4 NB =         3.5296  1-4 EEL =       118.4832  VDWAALS    =        -4.7231
 EELEC  =      -148.6772  EGB     =       -23.2027  RESTRAINT  =         0.3852
 ESURF=         1.8914
 EAMBER (non-restraint)  =        -0.0406
 ------------------------------------------------------------------------------

 NMR restraints: Bond =    0.000   Angle =     0.000   Torsion =     0.385
===============================================================================
| RE_POSITION Moving by   3.088478 -1.639834  8.358659

 NSTEP =    40000   TIME(PS) =    2080.000  TEMP(K) =   271.28  PRESS =     0.0
 Etot   =        17.0222  EKtot   =        21.2942  EPtot      =        -4.2721
 BOND   =         3.5921  ANGLE   =        16.1787  DIHED      =        30.7439
 1-4 NB =         5.0048  1-4 EEL =       116.8224  VDWAALS    =        -4.9196
 EELEC  =      -152.4111  EGB     =       -21.8990  RESTRAINT  =         0.7458
 ESURF=         1.8698
 EAMBER (non-restraint)  =        -5.0179
 ------------------------------------------------------------------------------

 NMR restraints: Bond =    0.000   Angle =     0.000   Torsion =     0.746
===============================================================================

 NSTEP =    45000   TIME(PS) =    2090.000  TEMP(K) =   314.04  PRESS =     0.0
 Etot   =        27.9853  EKtot   =        24.6500  EPtot      =         3.3353
 BOND   =         5.6064  ANGLE   =        18.6243  DIHED      =        31.8802
 1-4 NB =         4.9088  1-4 EEL =       119.1433  VDWAALS    =        -4.8348
 EELEC  =      -151.7178  EGB     =       -22.1746  RESTRAINT  =         0.0012
 ESURF=         1.8983
 EAMBER (non-restraint)  =         3.3341
 ------------------------------------------------------------------------------

 NMR restraints: Bond =    0.000   Angle =     0.000   Torsion =     0.001
===============================================================================
| RE_POSITION Moving by  -4.130037  1.023752  2.130425

 NSTEP =    50000   TIME(PS) =    2100.000  TEMP(K) =   285.53  PRESS =     0.0
 Etot   =        21.3041  EKtot   =        22.4123  EPtot      =        -1.1082
 BOND   =         2.4309  ANGLE   =        18.8092  DIHED      =        30.8789
 1-4 NB =         4.7951  1-4 EEL =       117.0951  VDWAALS    =        -4.7735
 EELEC  =      -150.5458  EGB     =       -22.0032  RESTRAINT  =         0.2909
 ESURF=         1.9142
 EAMBER (non-restraint)  =        -1.3991
 ------------------------------------------------------------------------------

 NMR restraints: Bond =    0.000   Angle =     0.000   Torsion =     0.291
===============================================================================

 NSTEP =    55000   TIME(PS) =    2110.000  TEMP(K) =   223.42  PRESS =     0.0
 Etot   =        20.8921  EKtot   =        17.5374  EPtot      =         3.3547
 BOND   =         8.3892  ANGLE   =        17.1708  DIHED      =        29.9865
 1-4 NB =         4.8299  1-4 EEL =       117.8810  VDWAALS    =        -4.9028
 EELEC  =      -149.9659  EGB     =       -22.4710  RESTRAINT  =         0.5736
 ESURF=         1.8634
 EAMBER (non-restraint)  =         2.7811
 ------------------------------------------------------------------------------

 NMR restraints: Bond =    0.000   Angle =     0.000   Torsion =     0.574
===============================================================================
| RE_POSITION Moving by   1.909462  3.772613  3.260119

 NSTEP =    60000   TIME(PS) =    2120.000  TEMP(K) =   258.56  PRESS =     0.0
 Etot   =        15.0301  EKtot   =        20.2957  EPtot      =        -5.2656
 BOND   =         4.0909  ANGLE   =        12.4734  DIHED      =        31.4770
 1-4 NB =         3.4222  1-4 EEL =       117.7186  VDWAALS    =        -5.1046
 EELEC  =      -147.4762  EGB     =       -23.9920  RESTRAINT  =         0.2194
 ESURF=         1.9057
 EAMBER (non-restraint)  =        -5.4850
 ------------------------------------------------------------------------------

 NMR restraints: Bond =    0.000   Angle =     0.000   Torsion =     0.219
===============================================================================

 NSTEP =    65000   TIME(PS) =    2130.000  TEMP(K) =   362.41  PRESS =     0.0
 Etot   =        28.8780  EKtot   =        28.4470  EPtot      =         0.4310
 BOND   =         5.9387  ANGLE   =        15.3809  DIHED      =        28.8671
 1-4 NB =         5.5283  1-4 EEL =       119.3127  VDWAALS    =        -2.6456
 EELEC  =      -154.3854  EGB     =       -21.1108  RESTRAINT  =         1.6781
 ESURF=         1.8671
 EAMBER (non-restraint)  =        -1.2471
 ------------------------------------------------------------------------------

 NMR restraints: Bond =    0.000   Angle =     0.000   Torsion =     1.678
===============================================================================
| RE_POSITION Moving by  -4.515479  5.424728 -1.833961

 NSTEP =    70000   TIME(PS) =    2140.000  TEMP(K) =   292.56  PRESS =     0.0
 Etot   =        25.5809  EKtot   =        22.9645  EPtot      =         2.6164
 BOND   =         7.5152  ANGLE   =        16.0966  DIHED      =        31.5697
 1-4 NB =         6.0859  1-4 EEL =       117.1328  VDWAALS    =        -3.8931
 EELEC  =      -154.1156  EGB     =       -20.7291  RESTRAINT  =         1.1205
 ESURF=         1.8334
 EAMBER (non-restraint)  =         1.4959
 ------------------------------------------------------------------------------

 NMR restraints: Bond =    0.000   Angle =     0.000   Torsion =     1.120
===============================================================================

 NSTEP =    75000   TIME(PS) =    2150.000  TEMP(K) =   356.35  PRESS =     0.0
 Etot   =        22.0294  EKtot   =        27.9717  EPtot      =        -5.9423
 BOND   =         4.5341  ANGLE   =        12.9593  DIHED      =        29.1087
 1-4 NB =         3.5567  1-4 EEL =       118.1214  VDWAALS    =        -5.2018
 EELEC  =      -149.6921  EGB     =       -21.5021  RESTRAINT  =         0.2741
 ESURF=         1.8992
 EAMBER (non-restraint)  =        -6.2165
 ------------------------------------------------------------------------------

 NMR restraints: Bond =    0.000   Angle =     0.000   Torsion =     0.274
===============================================================================
| RE_POSITION Moving by  -4.252025  3.800529 -5.454133

 NSTEP =    80000   TIME(PS) =    2160.000  TEMP(K) =   344.30  PRESS =     0.0
 Etot   =        24.4594  EKtot   =        27.0255  EPtot      =        -2.5661
 BOND   =         2.4930  ANGLE   =        19.0321  DIHED      =        29.9336
 1-4 NB =         5.4247  1-4 EEL =       121.3690  VDWAALS    =        -4.7809
 EELEC  =      -157.0354  EGB     =       -20.8537  RESTRAINT  =         0.0238
 ESURF=         1.8277
 EAMBER (non-restraint)  =        -2.5899
 ------------------------------------------------------------------------------

 NMR restraints: Bond =    0.000   Angle =     0.000   Torsion =     0.024
===============================================================================

 NSTEP =    85000   TIME(PS) =    2170.000  TEMP(K) =   331.22  PRESS =     0.0
 Etot   =        26.4385  EKtot   =        25.9992  EPtot      =         0.4394
 BOND   =         5.4540  ANGLE   =        17.3999  DIHED      =        28.4487
 1-4 NB =         5.1920  1-4 EEL =       121.2057  VDWAALS    =        -4.2392
 EELEC  =      -156.6564  EGB     =       -20.8840  RESTRAINT  =         2.6668
 ESURF=         1.8519
 EAMBER (non-restraint)  =        -2.2274
 ------------------------------------------------------------------------------

 NMR restraints: Bond =    0.000   Angle =     0.000   Torsion =     2.667
===============================================================================
| RE_POSITION Moving by   0.755306 -2.079515 -3.572246

 NSTEP =    90000   TIME(PS) =    2180.000  TEMP(K) =   260.70  PRESS =     0.0
 Etot   =        18.7890  EKtot   =        20.4634  EPtot      =        -1.6745
 BOND   =         7.1942  ANGLE   =        14.9644  DIHED      =        31.4961
 1-4 NB =         4.0475  1-4 EEL =       118.8785  VDWAALS    =        -5.8602
 EELEC  =      -151.1456  EGB     =       -23.2528  RESTRAINT  =         0.1425
 ESURF=         1.8609
 EAMBER (non-restraint)  =        -1.8169
 ------------------------------------------------------------------------------

 NMR restraints: Bond =    0.000   Angle =     0.000   Torsion =     0.142
===============================================================================

 NSTEP =    95000   TIME(PS) =    2190.000  TEMP(K) =   421.82  PRESS =     0.0
 Etot   =        32.2024  EKtot   =        33.1100  EPtot      =        -0.9076
 BOND   =         3.7908  ANGLE   =        12.8861  DIHED      =        31.0093
 1-4 NB =         5.5468  1-4 EEL =       121.6422  VDWAALS    =        -3.8800
 EELEC  =      -149.7873  EGB     =       -24.1148  RESTRAINT  =         0.0353
 ESURF=         1.9640
 EAMBER (non-restraint)  =        -0.9429
 ------------------------------------------------------------------------------

 NMR restraints: Bond =    0.000   Angle =     0.000   Torsion =     0.035
===============================================================================
| RE_POSITION Moving by   0.241625  5.595976 -2.076999

 NSTEP =   100000   TIME(PS) =    2200.000  TEMP(K) =   318.02  PRESS =     0.0
 Etot   =        20.5345  EKtot   =        24.9624  EPtot      =        -4.4280
 BOND   =         1.4702  ANGLE   =        16.4733  DIHED      =        28.2347
 1-4 NB =         6.2578  1-4 EEL =       122.6611  VDWAALS    =        -5.2947
 EELEC  =      -155.0986  EGB     =       -21.1549  RESTRAINT  =         0.1437
 ESURF=         1.8796
 EAMBER (non-restraint)  =        -4.5716
 ------------------------------------------------------------------------------

 NMR restraints: Bond =    0.000   Angle =     0.000   Torsion =     0.144
===============================================================================

 NSTEP =   105000   TIME(PS) =    2210.000  TEMP(K) =   322.54  PRESS =     0.0
 Etot   =        20.5610  EKtot   =        25.3175  EPtot      =        -4.7565
 BOND   =         2.6561  ANGLE   =        14.9336  DIHED      =        28.5206
 1-4 NB =         4.3340  1-4 EEL =       120.4731  VDWAALS    =        -5.2803
 EELEC  =      -150.7956  EGB     =       -22.3519  RESTRAINT  =         0.8736
 ESURF=         1.8803
 EAMBER (non-restraint)  =        -5.6302
 ------------------------------------------------------------------------------

 NMR restraints: Bond =    0.000   Angle =     0.000   Torsion =     0.874
===============================================================================
| RE_POSITION Moving by  -3.308133 -0.073252  0.424266

 NSTEP =   110000   TIME(PS) =    2220.000  TEMP(K) =   321.63  PRESS =     0.0
 Etot   =        22.7231  EKtot   =        25.2461  EPtot      =        -2.5229
 BOND   =         3.7001  ANGLE   =        18.3138  DIHED      =        26.7711
 1-4 NB =         4.3375  1-4 EEL =       119.4987  VDWAALS    =        -4.6356
 EELEC  =      -152.3665  EGB     =       -22.1827  RESTRAINT  =         2.1412
 ESURF=         1.8995
 EAMBER (non-restraint)  =        -4.6641
 ------------------------------------------------------------------------------

 NMR restraints: Bond =    0.000   Angle =     0.000   Torsion =     2.141
===============================================================================

 NSTEP =   115000   TIME(PS) =    2230.000  TEMP(K) =   257.80  PRESS =     0.0
 Etot   =        20.2806  EKtot   =        20.2354  EPtot      =         0.0452
 BOND   =         1.6422  ANGLE   =        16.7412  DIHED      =        29.3326
 1-4 NB =         8.3104  1-4 EEL =       118.7611  VDWAALS    =        -4.5021
 EELEC  =      -150.6167  EGB     =       -21.6683  RESTRAINT  =         0.1028
 ESURF=         1.9419
 EAMBER (non-restraint)  =        -0.0577
 ------------------------------------------------------------------------------

 NMR restraints: Bond =    0.000   Angle =     0.000   Torsion =     0.103
===============================================================================
| RE_POSITION Moving by   2.250231 -0.926091  5.343399

 NSTEP =   120000   TIME(PS) =    2240.000  TEMP(K) =   329.46  PRESS =     0.0
 Etot   =        19.6041  EKtot   =        25.8605  EPtot      =        -6.2565
 BOND   =         2.5270  ANGLE   =        14.8072  DIHED      =        29.9850
 1-4 NB =         3.4228  1-4 EEL =       114.4306  VDWAALS    =        -4.8017
 EELEC  =      -147.5420  EGB     =       -22.8302  RESTRAINT  =         1.8160
 ESURF=         1.9289
 EAMBER (non-restraint)  =        -8.0725
 ------------------------------------------------------------------------------

 NMR restraints: Bond =    0.000   Angle =     0.000   Torsion =     1.816
===============================================================================

 NSTEP =   125000   TIME(PS) =    2250.000  TEMP(K) =   287.35  PRESS =     0.0
 Etot   =        19.8956  EKtot   =        22.5555  EPtot      =        -2.6598
 BOND   =         4.2165  ANGLE   =        17.2114  DIHED      =        30.3150
 1-4 NB =         4.8496  1-4 EEL =       117.0780  VDWAALS    =        -5.2318
 EELEC  =      -151.4360  EGB     =       -21.6050  RESTRAINT  =         0.0541
 ESURF=         1.8884
 EAMBER (non-restraint)  =        -2.7139
 ------------------------------------------------------------------------------

 NMR restraints: Bond =    0.000   Angle =     0.000   Torsion =     0.054
===============================================================================
| RE_POSITION Moving by  -2.051181 -1.845727 -9.124820

 NSTEP =   130000   TIME(PS) =    2260.000  TEMP(K) =   310.01  PRESS =     0.0
 Etot   =        25.5027  EKtot   =        24.3337  EPtot      =         1.1689
 BOND   =         6.9868  ANGLE   =        17.7898  DIHED      =        31.0023
 1-4 NB =         4.7091  1-4 EEL =       115.2063  VDWAALS    =        -3.8682
 EELEC  =      -150.7293  EGB     =       -22.7499  RESTRAINT  =         0.8519
 ESURF=         1.9702
 EAMBER (non-restraint)  =         0.3170
 ------------------------------------------------------------------------------

 NMR restraints: Bond =    0.000   Angle =     0.000   Torsion =     0.852
===============================================================================

 NSTEP =   135000   TIME(PS) =    2270.000  TEMP(K) =   326.16  PRESS =     0.0
 Etot   =        27.4854  EKtot   =        25.6015  EPtot      =         1.8839
 BOND   =         4.7831  ANGLE   =        16.8993  DIHED      =        29.1041
 1-4 NB =         5.9638  1-4 EEL =       121.5414  VDWAALS    =        -3.7071
 EELEC  =      -151.1763  EGB     =       -24.0809  RESTRAINT  =         0.5800
 ESURF=         1.9766
 EAMBER (non-restraint)  =         1.3039
 ------------------------------------------------------------------------------

 NMR restraints: Bond =    0.000   Angle =     0.000   Torsion =     0.580
===============================================================================
| RE_POSITION Moving by   0.165536  7.801756  3.893553

 NSTEP =   140000   TIME(PS) =    2280.000  TEMP(K) =   293.77  PRESS =     0.0
 Etot   =        24.0801  EKtot   =        23.0589  EPtot      =         1.0212
 BOND   =         4.7489  ANGLE   =        13.0315  DIHED      =        35.3437
 1-4 NB =         3.7356  1-4 EEL =       121.5639  VDWAALS    =        -4.1844
 EELEC  =      -150.6181  EGB     =       -24.6224  RESTRAINT  =         0.0272
 ESURF=         1.9952
 EAMBER (non-restraint)  =         0.9940
 ------------------------------------------------------------------------------

 NMR restraints: Bond =    0.000   Angle =     0.000   Torsion =     0.027
===============================================================================

 NSTEP =   145000   TIME(PS) =    2290.000  TEMP(K) =   235.47  PRESS =     0.0
 Etot   =        17.0342  EKtot   =        18.4827  EPtot      =        -1.4485
 BOND   =         5.7303  ANGLE   =        14.4335  DIHED      =        31.4110
 1-4 NB =         4.5111  1-4 EEL =       123.0270  VDWAALS    =        -3.3751
 EELEC  =      -158.5090  EGB     =       -20.6208  RESTRAINT  =         0.0031
 ESURF=         1.9405
 EAMBER (non-restraint)  =        -1.4515
 ------------------------------------------------------------------------------

 NMR restraints: Bond =    0.000   Angle =     0.000   Torsion =     0.003
===============================================================================
| RE_POSITION Moving by   3.013785 -2.335847 -9.567742

 NSTEP =   150000   TIME(PS) =    2300.000  TEMP(K) =   312.52  PRESS =     0.0
 Etot   =        20.7943  EKtot   =        24.5313  EPtot      =        -3.7370
 BOND   =         4.3360  ANGLE   =        14.1940  DIHED      =        29.8291
 1-4 NB =         4.9769  1-4 EEL =       118.0651  VDWAALS    =        -3.4943
 EELEC  =      -149.4788  EGB     =       -24.6432  RESTRAINT  =         0.5313
 ESURF=         1.9470
 EAMBER (non-restraint)  =        -4.2683
 ------------------------------------------------------------------------------

 NMR restraints: Bond =    0.000   Angle =     0.000   Torsion =     0.531
===============================================================================

 NSTEP =   155000   TIME(PS) =    2310.000  TEMP(K) =   364.98  PRESS =     0.0
 Etot   =        27.8298  EKtot   =        28.6487  EPtot      =        -0.8188
 BOND   =         2.1149  ANGLE   =        13.9439  DIHED      =        31.0727
 1-4 NB =         5.8276  1-4 EEL =       124.3645  VDWAALS    =        -3.3135
 EELEC  =      -153.6442  EGB     =       -23.7870  RESTRAINT  =         0.6745
 ESURF=         1.9277
 EAMBER (non-restraint)  =        -1.4934
 ------------------------------------------------------------------------------

 NMR restraints: Bond =    0.000   Angle =     0.000   Torsion =     0.675
===============================================================================
| RE_POSITION Moving by  -0.202779  2.136912 -3.598871

 NSTEP =   160000   TIME(PS) =    2320.000  TEMP(K) =   393.07  PRESS =     0.0
 Etot   =        29.7374  EKtot   =        30.8534  EPtot      =        -1.1160
 BOND   =         4.2516  ANGLE   =        19.2372  DIHED      =        30.2847
 1-4 NB =         3.1656  1-4 EEL =       121.5899  VDWAALS    =        -3.9420
 EELEC  =      -153.6129  EGB     =       -24.1677  RESTRAINT  =         0.0752
 ESURF=         2.0024
 EAMBER (non-restraint)  =        -1.1913
 ------------------------------------------------------------------------------

 NMR restraints: Bond =    0.000   Angle =     0.000   Torsion =     0.075
===============================================================================

 NSTEP =   165000   TIME(PS) =    2330.000  TEMP(K) =   272.21  PRESS =     0.0
 Etot   =        15.1031  EKtot   =        21.3672  EPtot      =        -6.2641
 BOND   =         4.7991  ANGLE   =        12.4744  DIHED      =        28.1150
 1-4 NB =         4.9654  1-4 EEL =       123.1568  VDWAALS    =        -3.5868
 EELEC  =      -152.7714  EGB     =       -25.4746  RESTRAINT  =         0.0639
 ESURF=         1.9942
 EAMBER (non-restraint)  =        -6.3280
 ------------------------------------------------------------------------------

 NMR restraints: Bond =    0.000   Angle =     0.000   Torsion =     0.064
===============================================================================
| RE_POSITION Moving by   2.639737 -2.106041 -2.424157

 NSTEP =   170000   TIME(PS) =    2340.000  TEMP(K) =   264.15  PRESS =     0.0
 Etot   =        19.6028  EKtot   =        20.7345  EPtot      =        -1.1317
 BOND   =         4.6044  ANGLE   =        12.5290  DIHED      =        30.9544
 1-4 NB =         5.6373  1-4 EEL =       122.0085  VDWAALS    =        -2.8871
 EELEC  =      -149.2529  EGB     =       -26.7094  RESTRAINT  =         0.0053
 ESURF=         1.9788
 EAMBER (non-restraint)  =        -1.1370
 ------------------------------------------------------------------------------

 NMR restraints: Bond =    0.000   Angle =     0.000   Torsion =     0.005
===============================================================================

 NSTEP =   175000   TIME(PS) =    2350.000  TEMP(K) =   327.59  PRESS =     0.0
 Etot   =        29.2741  EKtot   =        25.7136  EPtot      =         3.5605
 BOND   =         5.9126  ANGLE   =        14.7479  DIHED      =        32.8768
 1-4 NB =         6.8116  1-4 EEL =       122.9655  VDWAALS    =        -3.5559
 EELEC  =      -156.4814  EGB     =       -21.6578  RESTRAINT  =         0.0174
 ESURF=         1.9241
 EAMBER (non-restraint)  =         3.5431
 ------------------------------------------------------------------------------

 NMR restraints: Bond =    0.000   Angle =     0.000   Torsion =     0.017
===============================================================================
| RE_POSITION Moving by   2.845220 -5.933595 -4.211728

 NSTEP =   180000   TIME(PS) =    2360.000  TEMP(K) =   483.23  PRESS =     0.0
 Etot   =        35.1413  EKtot   =        37.9310  EPtot      =        -2.7897
 BOND   =         5.3585  ANGLE   =        13.1460  DIHED      =        28.6808
 1-4 NB =         4.8020  1-4 EEL =       122.3510  VDWAALS    =        -3.8703
 EELEC  =      -151.2271  EGB     =       -25.2954  RESTRAINT  =         1.2845
 ESURF=         1.9802
 EAMBER (non-restraint)  =        -4.0742
 ------------------------------------------------------------------------------

 NMR restraints: Bond =    0.000   Angle =     0.000   Torsion =     1.284
===============================================================================

 NSTEP =   185000   TIME(PS) =    2370.000  TEMP(K) =   257.85  PRESS =     0.0
 Etot   =        16.2190  EKtot   =        20.2395  EPtot      =        -4.0205
 BOND   =         5.9602  ANGLE   =        10.7361  DIHED      =        30.7710
 1-4 NB =         4.0008  1-4 EEL =       119.7662  VDWAALS    =        -2.6022
 EELEC  =      -151.8598  EGB     =       -23.5219  RESTRAINT  =         0.7180
 ESURF=         2.0110
 EAMBER (non-restraint)  =        -4.7385
 ------------------------------------------------------------------------------

 NMR restraints: Bond =    0.000   Angle =     0.000   Torsion =     0.718
===============================================================================
| RE_POSITION Moving by   7.244121 -9.285013 -1.118331

 NSTEP =   190000   TIME(PS) =    2380.000  TEMP(K) =   320.14  PRESS =     0.0
 Etot   =        23.5230  EKtot   =        25.1291  EPtot      =        -1.6061
 BOND   =         7.8912  ANGLE   =        14.6150  DIHED      =        28.7507
 1-4 NB =         4.5085  1-4 EEL =       118.0060  VDWAALS    =        -4.0306
 EELEC  =      -151.1274  EGB     =       -22.8063  RESTRAINT  =         0.5972
 ESURF=         1.9896
 EAMBER (non-restraint)  =        -2.2033
 ------------------------------------------------------------------------------

 NMR restraints: Bond =    0.000   Angle =     0.000   Torsion =     0.597
===============================================================================

 NSTEP =   195000   TIME(PS) =    2390.000  TEMP(K) =   259.23  PRESS =     0.0
 Etot   =        23.8463  EKtot   =        20.3479  EPtot      =         3.4984
 BOND   =         7.3665  ANGLE   =        13.9950  DIHED      =        30.1124
 1-4 NB =         5.9476  1-4 EEL =       121.9296  VDWAALS    =        -2.8070
 EELEC  =      -146.7262  EGB     =       -28.3695  RESTRAINT  =         0.0681
 ESURF=         1.9821
 EAMBER (non-restraint)  =         3.4303
 ------------------------------------------------------------------------------

 NMR restraints: Bond =    0.000   Angle =     0.000   Torsion =     0.068
===============================================================================
| RE_POSITION Moving by   2.795824  2.347928  4.593127

 NSTEP =   200000   TIME(PS) =    2400.000  TEMP(K) =   203.79  PRESS =     0.0
 Etot   =        12.3007  EKtot   =        15.9961  EPtot      =        -3.6954
 BOND   =         6.4002  ANGLE   =        13.6321  DIHED      =        27.9203
 1-4 NB =         4.3801  1-4 EEL =       118.7522  VDWAALS    =        -3.7090
 EELEC  =      -151.2453  EGB     =       -22.7872  RESTRAINT  =         0.9408
 ESURF=         2.0204
 EAMBER (non-restraint)  =        -4.6361
 ------------------------------------------------------------------------------

 NMR restraints: Bond =    0.000   Angle =     0.000   Torsion =     0.941
===============================================================================

 NSTEP =   205000   TIME(PS) =    2410.000  TEMP(K) =   361.74  PRESS =     0.0
 Etot   =        25.9468  EKtot   =        28.3946  EPtot      =        -2.4477
 BOND   =         4.0426  ANGLE   =        11.0053  DIHED      =        32.5150
 1-4 NB =         5.3168  1-4 EEL =       124.8154  VDWAALS    =        -4.4684
 EELEC  =      -155.0348  EGB     =       -22.6373  RESTRAINT  =         0.0426
 ESURF=         1.9551
 EAMBER (non-restraint)  =        -2.4903
 ------------------------------------------------------------------------------

 NMR restraints: Bond =    0.000   Angle =     0.000   Torsion =     0.043
===============================================================================
| RE_POSITION Moving by  -4.557124  1.185676  5.746868

 NSTEP =   210000   TIME(PS) =    2420.000  TEMP(K) =   321.69  PRESS =     0.0
 Etot   =        28.3401  EKtot   =        25.2510  EPtot      =         3.0891
 BOND   =         7.3640  ANGLE   =        15.3566  DIHED      =        32.1694
 1-4 NB =         4.6708  1-4 EEL =       119.5203  VDWAALS    =        -3.8063
 EELEC  =      -151.2978  EGB     =       -23.1271  RESTRAINT  =         0.2899
 ESURF=         1.9493
 EAMBER (non-restraint)  =         2.7991
 ------------------------------------------------------------------------------

 NMR restraints: Bond =    0.000   Angle =     0.000   Torsion =     0.290
===============================================================================

 NSTEP =   215000   TIME(PS) =    2430.000  TEMP(K) =   324.90  PRESS =     0.0
 Etot   =        22.0586  EKtot   =        25.5024  EPtot      =        -3.4437
 BOND   =         5.1605  ANGLE   =        12.5504  DIHED      =        30.3615
 1-4 NB =         4.6632  1-4 EEL =       119.3628  VDWAALS    =        -3.2665
 EELEC  =      -148.5335  EGB     =       -25.9123  RESTRAINT  =         0.1613
 ESURF=         2.0090
 EAMBER (non-restraint)  =        -3.6050
 ------------------------------------------------------------------------------

 NMR restraints: Bond =    0.000   Angle =     0.000   Torsion =     0.161
===============================================================================
| RE_POSITION Moving by   8.265451 -1.919247  0.004096

 NSTEP =   220000   TIME(PS) =    2440.000  TEMP(K) =   300.76  PRESS =     0.0
 Etot   =        18.8737  EKtot   =        23.6076  EPtot      =        -4.7339
 BOND   =         4.5848  ANGLE   =        14.8542  DIHED      =        29.3965
 1-4 NB =         4.1742  1-4 EEL =       118.7331  VDWAALS    =        -3.8243
 EELEC  =      -150.2489  EGB     =       -24.7979  RESTRAINT  =         0.4090
 ESURF=         1.9854
 EAMBER (non-restraint)  =        -5.1430
 ------------------------------------------------------------------------------

 NMR restraints: Bond =    0.000   Angle =     0.000   Torsion =     0.409
===============================================================================

 NSTEP =   225000   TIME(PS) =    2450.000  TEMP(K) =   326.31  PRESS =     0.0
 Etot   =        28.1612  EKtot   =        25.6135  EPtot      =         2.5478
 BOND   =         4.6358  ANGLE   =        16.3199  DIHED      =        31.6220
 1-4 NB =         4.7363  1-4 EEL =       121.6537  VDWAALS    =        -3.3169
 EELEC  =      -150.7658  EGB     =       -24.4623  RESTRAINT  =         0.1278
 ESURF=         1.9973
 EAMBER (non-restraint)  =         2.4200
 ------------------------------------------------------------------------------

 NMR restraints: Bond =    0.000   Angle =     0.000   Torsion =     0.128
===============================================================================
| RE_POSITION Moving by   1.369455  2.681753 -4.601514

 NSTEP =   230000   TIME(PS) =    2460.000  TEMP(K) =   346.59  PRESS =     0.0
 Etot   =        34.6598  EKtot   =        27.2050  EPtot      =         7.4548
 BOND   =         3.2991  ANGLE   =        24.4468  DIHED      =        30.1861
 1-4 NB =         5.0270  1-4 EEL =       117.0159  VDWAALS    =        -3.0170
 EELEC  =      -149.7039  EGB     =       -22.7303  RESTRAINT  =         0.9120
 ESURF=         2.0191
 EAMBER (non-restraint)  =         6.5427
 ------------------------------------------------------------------------------

 NMR restraints: Bond =    0.000   Angle =     0.000   Torsion =     0.912
===============================================================================

 NSTEP =   235000   TIME(PS) =    2470.000  TEMP(K) =   309.93  PRESS =     0.0
 Etot   =        24.3504  EKtot   =        24.3274  EPtot      =         0.0230
 BOND   =         5.4226  ANGLE   =        16.3790  DIHED      =        29.7076
 1-4 NB =         5.1755  1-4 EEL =       123.3056  VDWAALS    =        -4.5182
 EELEC  =      -153.9143  EGB     =       -23.5062  RESTRAINT  =         0.0384
 ESURF=         1.9330
 EAMBER (non-restraint)  =        -0.0154
 ------------------------------------------------------------------------------

 NMR restraints: Bond =    0.000   Angle =     0.000   Torsion =     0.038
===============================================================================
| RE_POSITION Moving by  -2.778675  3.952232 -4.190757

 NSTEP =   240000   TIME(PS) =    2480.000  TEMP(K) =   408.51  PRESS =     0.0
 Etot   =        35.6836  EKtot   =        32.0655  EPtot      =         3.6181
 BOND   =         6.2458  ANGLE   =        12.9177  DIHED      =        31.7495
 1-4 NB =         6.2433  1-4 EEL =       120.6148  VDWAALS    =        -3.3674
 EELEC  =      -153.6042  EGB     =       -22.1565  RESTRAINT  =         3.0218
 ESURF=         1.9532
 EAMBER (non-restraint)  =         0.5963
 ------------------------------------------------------------------------------

 NMR restraints: Bond =    0.000   Angle =     0.000   Torsion =     3.022
===============================================================================

 NSTEP =   245000   TIME(PS) =    2490.000  TEMP(K) =   393.90  PRESS =     0.0
 Etot   =        33.7461  EKtot   =        30.9191  EPtot      =         2.8270
 BOND   =         6.7091  ANGLE   =        18.3171  DIHED      =        29.5202
 1-4 NB =         5.3045  1-4 EEL =       118.8024  VDWAALS    =        -1.3121
 EELEC  =      -155.5591  EGB     =       -21.1557  RESTRAINT  =         0.2698
 ESURF=         1.9308
 EAMBER (non-restraint)  =         2.5572
 ------------------------------------------------------------------------------

 NMR restraints: Bond =    0.000   Angle =     0.000   Torsion =     0.270
===============================================================================
| RE_POSITION Moving by   0.914166  0.326704 -3.005337

 NSTEP =   250000   TIME(PS) =    2500.000  TEMP(K) =   301.92  PRESS =     0.0
 Etot   =        24.6059  EKtot   =        23.6989  EPtot      =         0.9070
 BOND   =         5.4227  ANGLE   =        21.5588  DIHED      =        27.4912
 1-4 NB =         4.0800  1-4 EEL =       116.5269  VDWAALS    =        -4.0297
 EELEC  =      -146.6471  EGB     =       -26.1698  RESTRAINT  =         0.6912
 ESURF=         1.9827
 EAMBER (non-restraint)  =         0.2158
 ------------------------------------------------------------------------------

 NMR restraints: Bond =    0.000   Angle =     0.000   Torsion =     0.691
===============================================================================

 NSTEP =   255000   TIME(PS) =    2510.000  TEMP(K) =   361.01  PRESS =     0.0
 Etot   =        32.1813  EKtot   =        28.3370  EPtot      =         3.8444
 BOND   =         7.7614  ANGLE   =        20.5484  DIHED      =        30.0833
 1-4 NB =         3.5362  1-4 EEL =       122.3660  VDWAALS    =        -4.1504
 EELEC  =      -155.3968  EGB     =       -22.8503  RESTRAINT  =         0.0013
 ESURF=         1.9453
 EAMBER (non-restraint)  =         3.8431
 ------------------------------------------------------------------------------

 NMR restraints: Bond =    0.000   Angle =     0.000   Torsion =     0.001
===============================================================================
| RE_POSITION Moving by   5.422977  3.118340 -4.157877

 NSTEP =   260000   TIME(PS) =    2520.000  TEMP(K) =   304.96  PRESS =     0.0
 Etot   =        20.2001  EKtot   =        23.9378  EPtot      =        -3.7377
 BOND   =         1.4909  ANGLE   =        13.8799  DIHED      =        31.0611
 1-4 NB =         4.0137  1-4 EEL =       122.1499  VDWAALS    =        -3.6717
 EELEC  =      -151.8372  EGB     =       -22.8749  RESTRAINT  =         0.0739
 ESURF=         1.9769
 EAMBER (non-restraint)  =        -3.8115
 ------------------------------------------------------------------------------

 NMR restraints: Bond =    0.000   Angle =     0.000   Torsion =     0.074
===============================================================================

 NSTEP =   265000   TIME(PS) =    2530.000  TEMP(K) =   281.74  PRESS =     0.0
 Etot   =        30.8854  EKtot   =        22.1153  EPtot      =         8.7702
 BOND   =         7.2285  ANGLE   =        22.0718  DIHED      =        30.7867
 1-4 NB =         5.1802  1-4 EEL =       114.5295  VDWAALS    =        -1.9205
 EELEC  =      -146.9910  EGB     =       -24.4766  RESTRAINT  =         0.3671
 ESURF=         1.9944
 EAMBER (non-restraint)  =         8.4030
 ------------------------------------------------------------------------------

 NMR restraints: Bond =    0.000   Angle =     0.000   Torsion =     0.367
===============================================================================
| RE_POSITION Moving by  -3.606500 -8.059892 -5.950701

 NSTEP =   270000   TIME(PS) =    2540.000  TEMP(K) =   305.72  PRESS =     0.0
 Etot   =        21.6322  EKtot   =        23.9971  EPtot      =        -2.3649
 BOND   =         6.5748  ANGLE   =        13.3059  DIHED      =        26.9345
 1-4 NB =         4.9233  1-4 EEL =       123.1705  VDWAALS    =        -2.6696
 EELEC  =      -151.6225  EGB     =       -25.3403  RESTRAINT  =         0.4019
 ESURF=         1.9564
 EAMBER (non-restraint)  =        -2.7668
 ------------------------------------------------------------------------------

 NMR restraints: Bond =    0.000   Angle =     0.000   Torsion =     0.402
===============================================================================

 NSTEP =   275000   TIME(PS) =    2550.000  TEMP(K) =   312.75  PRESS =     0.0
 Etot   =        26.4559  EKtot   =        24.5492  EPtot      =         1.9067
 BOND   =         6.3956  ANGLE   =        14.5807  DIHED      =        29.7093
 1-4 NB =         5.9775  1-4 EEL =       123.6404  VDWAALS    =        -3.0992
 EELEC  =      -153.5941  EGB     =       -25.0107  RESTRAINT  =         1.3837
 ESURF=         1.9237
 EAMBER (non-restraint)  =         0.5230
 ------------------------------------------------------------------------------

 NMR restraints: Bond =    0.000   Angle =     0.000   Torsion =     1.384
===============================================================================
| RE_POSITION Moving by   5.331171  6.878576 -4.902820

 NSTEP =   280000   TIME(PS) =    2560.000  TEMP(K) =   257.81  PRESS =     0.0
 Etot   =        21.9063  EKtot   =        20.2368  EPtot      =         1.6695
 BOND   =         6.9306  ANGLE   =        17.7374  DIHED      =        31.1325
 1-4 NB =         3.9655  1-4 EEL =       114.9370  VDWAALS    =        -3.4633
 EELEC  =      -150.8309  EGB     =       -21.2653  RESTRAINT  =         0.5491
 ESURF=         1.9769
 EAMBER (non-restraint)  =         1.1204
 ------------------------------------------------------------------------------

 NMR restraints: Bond =    0.000   Angle =     0.000   Torsion =     0.549
===============================================================================

 NSTEP =   285000   TIME(PS) =    2570.000  TEMP(K) =   257.29  PRESS =     0.0
 Etot   =        19.9370  EKtot   =        20.1955  EPtot      =        -0.2584
 BOND   =         4.3660  ANGLE   =        16.7970  DIHED      =        30.9726
 1-4 NB =         4.0671  1-4 EEL =       120.6497  VDWAALS    =        -3.8622
 EELEC  =      -150.3444  EGB     =       -24.9108  RESTRAINT  =         0.0409
 ESURF=         1.9658
 EAMBER (non-restraint)  =        -0.2993
 ------------------------------------------------------------------------------

 NMR restraints: Bond =    0.000   Angle =     0.000   Torsion =     0.041
===============================================================================
| RE_POSITION Moving by   0.396188  4.375301 -3.460394

 NSTEP =   290000   TIME(PS) =    2580.000  TEMP(K) =   424.67  PRESS =     0.0
 Etot   =        30.1260  EKtot   =        33.3342  EPtot      =        -3.2082
 BOND   =         3.4873  ANGLE   =         9.9509  DIHED      =        33.3044
 1-4 NB =         5.0390  1-4 EEL =       120.6172  VDWAALS    =        -3.9743
 EELEC  =      -150.3333  EGB     =       -24.3402  RESTRAINT  =         1.0357
 ESURF=         2.0052
 EAMBER (non-restraint)  =        -4.2439
 ------------------------------------------------------------------------------

 NMR restraints: Bond =    0.000   Angle =     0.000   Torsion =     1.036
===============================================================================

 NSTEP =   295000   TIME(PS) =    2590.000  TEMP(K) =   323.22  PRESS =     0.0
 Etot   =        32.2155  EKtot   =        25.3706  EPtot      =         6.8449
 BOND   =         5.6200  ANGLE   =        23.7418  DIHED      =        28.4559
 1-4 NB =         5.4824  1-4 EEL =       119.6823  VDWAALS    =        -2.1375
 EELEC  =      -152.8380  EGB     =       -23.1347  RESTRAINT  =         0.0018
 ESURF=         1.9710
 EAMBER (non-restraint)  =         6.8431
 ------------------------------------------------------------------------------

 NMR restraints: Bond =    0.000   Angle =     0.000   Torsion =     0.002
===============================================================================
| RE_POSITION Moving by  -8.542986 -1.428108  5.375310

 NSTEP =   300000   TIME(PS) =    2600.000  TEMP(K) =   254.79  PRESS =     0.0
 Etot   =        25.8695  EKtot   =        19.9997  EPtot      =         5.8698
 BOND   =         2.9192  ANGLE   =        22.2356  DIHED      =        28.3901
 1-4 NB =         6.3364  1-4 EEL =       128.4428  VDWAALS    =        -2.4126
 EELEC  =      -159.8890  EGB     =       -22.1082  RESTRAINT  =         0.0365
 ESURF=         1.9189
 EAMBER (non-restraint)  =         5.8333
 ------------------------------------------------------------------------------

 NMR restraints: Bond =    0.000   Angle =     0.000   Torsion =     0.037
===============================================================================

 NSTEP =   305000   TIME(PS) =    2610.000  TEMP(K) =   278.12  PRESS =     0.0
 Etot   =        17.6857  EKtot   =        21.8310  EPtot      =        -4.1453
 BOND   =         4.4572  ANGLE   =        11.1753  DIHED      =        30.1955
 1-4 NB =         6.5016  1-4 EEL =       125.6435  VDWAALS    =        -3.5211
 EELEC  =      -160.5765  EGB     =       -20.0755  RESTRAINT  =         0.1260
 ESURF=         1.9285
 EAMBER (non-restraint)  =        -4.2713
 ------------------------------------------------------------------------------

 NMR restraints: Bond =    0.000   Angle =     0.000   Torsion =     0.126
===============================================================================
| RE_POSITION Moving by  -5.733487  2.116386  9.442599

 NSTEP =   310000   TIME(PS) =    2620.000  TEMP(K) =   228.68  PRESS =     0.0
 Etot   =        20.7617  EKtot   =        17.9503  EPtot      =         2.8114
 BOND   =         5.6502  ANGLE   =        17.1653  DIHED      =        30.8063
 1-4 NB =         6.2428  1-4 EEL =       122.1644  VDWAALS    =        -3.2582
 EELEC  =      -156.4043  EGB     =       -21.7205  RESTRAINT  =         0.1666
 ESURF=         1.9989
 EAMBER (non-restraint)  =         2.6448
 ------------------------------------------------------------------------------

 NMR restraints: Bond =    0.000   Angle =     0.000   Torsion =     0.167
===============================================================================

 NSTEP =   315000   TIME(PS) =    2630.000  TEMP(K) =   320.22  PRESS =     0.0
 Etot   =        27.1740  EKtot   =        25.1351  EPtot      =         2.0389
 BOND   =         5.2661  ANGLE   =        15.9571  DIHED      =        31.7762
 1-4 NB =         6.6206  1-4 EEL =       123.1349  VDWAALS    =        -4.2058
 EELEC  =      -156.4202  EGB     =       -22.0590  RESTRAINT  =         0.0001
 ESURF=         1.9689
 EAMBER (non-restraint)  =         2.0388
 ------------------------------------------------------------------------------

 NMR restraints: Bond =    0.000   Angle =     0.000   Torsion =     0.000
===============================================================================
| RE_POSITION Moving by  -1.722451  3.478625 -0.187041

 NSTEP =   320000   TIME(PS) =    2640.000  TEMP(K) =   221.14  PRESS =     0.0
 Etot   =        18.2077  EKtot   =        17.3583  EPtot      =         0.8494
 BOND   =         3.0311  ANGLE   =        13.0566  DIHED      =        36.1685
 1-4 NB =         4.4505  1-4 EEL =       113.9967  VDWAALS    =        -3.6390
 EELEC  =      -144.4242  EGB     =       -23.8241  RESTRAINT  =         0.0626
 ESURF=         1.9707
 EAMBER (non-restraint)  =         0.7868
 ------------------------------------------------------------------------------

 NMR restraints: Bond =    0.000   Angle =     0.000   Torsion =     0.063
===============================================================================

 NSTEP =   325000   TIME(PS) =    2650.000  TEMP(K) =   257.89  PRESS =     0.0
 Etot   =        24.8182  EKtot   =        20.2427  EPtot      =         4.5755
 BOND   =         5.9302  ANGLE   =        19.3713  DIHED      =        28.9712
 1-4 NB =         4.7974  1-4 EEL =       117.4038  VDWAALS    =        -3.8296
 EELEC  =      -147.3256  EGB     =       -25.1761  RESTRAINT  =         2.4425
 ESURF=         1.9905
 EAMBER (non-restraint)  =         2.1331
 ------------------------------------------------------------------------------

 NMR restraints: Bond =    0.000   Angle =     0.000   Torsion =     2.442
===============================================================================
| RE_POSITION Moving by  -1.920899  8.332418 -3.144491

 NSTEP =   330000   TIME(PS) =    2660.000  TEMP(K) =   280.16  PRESS =     0.0
 Etot   =        24.6876  EKtot   =        21.9908  EPtot      =         2.6968
 BOND   =         7.5177  ANGLE   =        14.9704  DIHED      =        33.5208
 1-4 NB =         4.7448  1-4 EEL =       119.7557  VDWAALS    =        -3.0968
 EELEC  =      -155.7658  EGB     =       -20.9684  RESTRAINT  =         0.1282
 ESURF=         1.8902
 EAMBER (non-restraint)  =         2.5686
 ------------------------------------------------------------------------------

 NMR restraints: Bond =    0.000   Angle =     0.000   Torsion =     0.128
===============================================================================

 NSTEP =   335000   TIME(PS) =    2670.000  TEMP(K) =   268.80  PRESS =     0.0
 Etot   =        15.8408  EKtot   =        21.0989  EPtot      =        -5.2581
 BOND   =         4.1491  ANGLE   =        11.8881  DIHED      =        28.1215
 1-4 NB =         5.4860  1-4 EEL =       124.2638  VDWAALS    =        -3.5389
 EELEC  =      -152.3683  EGB     =       -25.8137  RESTRAINT  =         0.5700
 ESURF=         1.9843
 EAMBER (non-restraint)  =        -5.8281
 ------------------------------------------------------------------------------

 NMR restraints: Bond =    0.000   Angle =     0.000   Torsion =     0.570
===============================================================================
| RE_POSITION Moving by   1.224571 -5.412701  4.143676

 NSTEP =   340000   TIME(PS) =    2680.000  TEMP(K) =   256.19  PRESS =     0.0
 Etot   =        19.9091  EKtot   =        20.1095  EPtot      =        -0.2004
 BOND   =         5.2408  ANGLE   =        16.0134  DIHED      =        29.0812
 1-4 NB =         4.8527  1-4 EEL =       114.6000  VDWAALS    =        -3.3053
 EELEC  =      -144.1418  EGB     =       -25.9852  RESTRAINT  =         1.4153
 ESURF=         2.0283
 EAMBER (non-restraint)  =        -1.6157
 ------------------------------------------------------------------------------

 NMR restraints: Bond =    0.000   Angle =     0.000   Torsion =     1.415
===============================================================================

 NSTEP =   345000   TIME(PS) =    2690.000  TEMP(K) =   315.19  PRESS =     0.0
 Etot   =        24.3385  EKtot   =        24.7403  EPtot      =        -0.4018
 BOND   =         3.6161  ANGLE   =        19.0236  DIHED      =        27.5278
 1-4 NB =         3.5335  1-4 EEL =       123.2088  VDWAALS    =        -4.0041
 EELEC  =      -152.4309  EGB     =       -23.0348  RESTRAINT  =         0.1789
 ESURF=         1.9792
 EAMBER (non-restraint)  =        -0.5807
 ------------------------------------------------------------------------------

 NMR restraints: Bond =    0.000   Angle =     0.000   Torsion =     0.179
===============================================================================
| RE_POSITION Moving by   1.262006  4.936794 -2.477294

 NSTEP =   350000   TIME(PS) =    2700.000  TEMP(K) =   222.26  PRESS =     0.0
 Etot   =        10.4370  EKtot   =        17.4463  EPtot      =        -7.0093
 BOND   =         6.3893  ANGLE   =        10.5192  DIHED      =        27.9203
 1-4 NB =         4.8367  1-4 EEL =       126.7883  VDWAALS    =        -4.1373
 EELEC  =      -158.5735  EGB     =       -22.8899  RESTRAINT  =         0.1788
 ESURF=         1.9588
 EAMBER (non-restraint)  =        -7.1881
 ------------------------------------------------------------------------------

 NMR restraints: Bond =    0.000   Angle =     0.000   Torsion =     0.179
===============================================================================

 NSTEP =   355000   TIME(PS) =    2710.000  TEMP(K) =   270.86  PRESS =     0.0
 Etot   =        15.1310  EKtot   =        21.2606  EPtot      =        -6.1295
 BOND   =         2.0187  ANGLE   =        14.2873  DIHED      =        28.5279
 1-4 NB =         5.2110  1-4 EEL =       123.6618  VDWAALS    =        -3.9588
 EELEC  =      -152.7690  EGB     =       -25.0806  RESTRAINT  =         0.0055
 ESURF=         1.9668
 EAMBER (non-restraint)  =        -6.1350
 ------------------------------------------------------------------------------

 NMR restraints: Bond =    0.000   Angle =     0.000   Torsion =     0.005
===============================================================================
| RE_POSITION Moving by  -0.572351  5.027483  2.712779

 NSTEP =   360000   TIME(PS) =    2720.000  TEMP(K) =   335.60  PRESS =     0.0
 Etot   =        28.2303  EKtot   =        26.3428  EPtot      =         1.8875
 BOND   =         6.7050  ANGLE   =        17.1393  DIHED      =        30.1091
 1-4 NB =         3.3909  1-4 EEL =       112.6719  VDWAALS    =        -1.6262
 EELEC  =      -145.5643  EGB     =       -24.0616  RESTRAINT  =         1.1188
 ESURF=         2.0047
 EAMBER (non-restraint)  =         0.7687
 ------------------------------------------------------------------------------

 NMR restraints: Bond =    0.000   Angle =     0.000   Torsion =     1.119
===============================================================================

 NSTEP =   365000   TIME(PS) =    2730.000  TEMP(K) =   385.69  PRESS =     0.0
 Etot   =        30.3542  EKtot   =        30.2747  EPtot      =         0.0795
 BOND   =         3.5755  ANGLE   =        19.7541  DIHED      =        29.9212
 1-4 NB =         3.8288  1-4 EEL =       121.6210  VDWAALS    =        -3.9013
 EELEC  =      -151.0228  EGB     =       -26.1739  RESTRAINT  =         0.4921
 ESURF=         1.9848
 EAMBER (non-restraint)  =        -0.4126
 ------------------------------------------------------------------------------

 NMR restraints: Bond =    0.000   Angle =     0.000   Torsion =     0.492
===============================================================================
| RE_POSITION Moving by   8.294926  1.536318 -0.518429

 NSTEP =   370000   TIME(PS) =    2740.000  TEMP(K) =   250.80  PRESS =     0.0
 Etot   =        19.2446  EKtot   =        19.6863  EPtot      =        -0.4417
 BOND   =         3.8116  ANGLE   =        18.7346  DIHED      =        28.7565
 1-4 NB =         4.4426  1-4 EEL =       122.2655  VDWAALS    =        -4.1959
 EELEC  =      -154.9902  EGB     =       -22.2418  RESTRAINT  =         1.0373
 ESURF=         1.9381
 EAMBER (non-restraint)  =        -1.4790
 ------------------------------------------------------------------------------

 NMR restraints: Bond =    0.000   Angle =     0.000   Torsion =     1.037
===============================================================================

 NSTEP =   375000   TIME(PS) =    2750.000  TEMP(K) =   236.61  PRESS =     0.0
 Etot   =        21.2975  EKtot   =        18.5726  EPtot      =         2.7249
 BOND   =        10.3443  ANGLE   =        18.7187  DIHED      =        28.5748
 1-4 NB =         3.3474  1-4 EEL =       116.7324  VDWAALS    =        -3.9275
 EELEC  =      -149.0223  EGB     =       -25.1420  RESTRAINT  =         1.1113
 ESURF=         1.9878
 EAMBER (non-restraint)  =         1.6135
 ------------------------------------------------------------------------------

 NMR restraints: Bond =    0.000   Angle =     0.000   Torsion =     1.111
===============================================================================
| RE_POSITION Moving by   4.473685 -0.781788 -4.193513

 NSTEP =   380000   TIME(PS) =    2760.000  TEMP(K) =   274.83  PRESS =     0.0
 Etot   =        18.0299  EKtot   =        21.5725  EPtot      =        -3.5426
 BOND   =         4.7781  ANGLE   =        13.3950  DIHED      =        31.4632
 1-4 NB =         4.0562  1-4 EEL =       120.4724  VDWAALS    =        -3.3353
 EELEC  =      -151.8553  EGB     =       -24.6226  RESTRAINT  =         0.0985
 ESURF=         2.0071
 EAMBER (non-restraint)  =        -3.6411
 ------------------------------------------------------------------------------

 NMR restraints: Bond =    0.000   Angle =     0.000   Torsion =     0.099
===============================================================================

 NSTEP =   385000   TIME(PS) =    2770.000  TEMP(K) =   296.07  PRESS =     0.0
 Etot   =        13.3380  EKtot   =        23.2400  EPtot      =        -9.9020
 BOND   =         5.2624  ANGLE   =         6.9769  DIHED      =        28.8360
 1-4 NB =         4.2134  1-4 EEL =       119.3452  VDWAALS    =        -3.3258
 EELEC  =      -150.4470  EGB     =       -23.4653  RESTRAINT  =         0.6877
 ESURF=         2.0145
 EAMBER (non-restraint)  =       -10.5897
 ------------------------------------------------------------------------------

 NMR restraints: Bond =    0.000   Angle =     0.000   Torsion =     0.688
===============================================================================
| RE_POSITION Moving by   4.401027 -1.914334  0.747945

 NSTEP =   390000   TIME(PS) =    2780.000  TEMP(K) =   235.33  PRESS =     0.0
 Etot   =        21.7152  EKtot   =        18.4717  EPtot      =         3.2435
 BOND   =         3.9978  ANGLE   =        19.8280  DIHED      =        31.8635
 1-4 NB =         4.0474  1-4 EEL =       112.4580  VDWAALS    =        -2.5885
 EELEC  =      -144.9854  EGB     =       -23.3482  RESTRAINT  =         0.0056
 ESURF=         1.9654
 EAMBER (non-restraint)  =         3.2379
 ------------------------------------------------------------------------------

 NMR restraints: Bond =    0.000   Angle =     0.000   Torsion =     0.006
===============================================================================

 NSTEP =   395000   TIME(PS) =    2790.000  TEMP(K) =   315.83  PRESS =     0.0
 Etot   =        25.5143  EKtot   =        24.7905  EPtot      =         0.7238
 BOND   =         3.7505  ANGLE   =        17.0731  DIHED      =        28.6985
 1-4 NB =         6.6813  1-4 EEL =       121.8519  VDWAALS    =        -2.7698
 EELEC  =      -154.4981  EGB     =       -22.1169  RESTRAINT  =         0.0830
 ESURF=         1.9702
 EAMBER (non-restraint)  =         0.6408
 ------------------------------------------------------------------------------

 NMR restraints: Bond =    0.000   Angle =     0.000   Torsion =     0.083
===============================================================================
| RE_POSITION Moving by  -9.664306 -0.852104 -6.232730

 NSTEP =   400000   TIME(PS) =    2800.000  TEMP(K) =   294.76  PRESS =     0.0
 Etot   =        22.3491  EKtot   =        23.1366  EPtot      =        -0.7876
 BOND   =         7.4476  ANGLE   =        13.4646  DIHED      =        30.8580
 1-4 NB =         4.0559  1-4 EEL =       121.5612  VDWAALS    =        -3.9733
 EELEC  =      -153.1124  EGB     =       -23.7010  RESTRAINT  =         0.6283
 ESURF=         1.9837
 EAMBER (non-restraint)  =        -1.4158
 ------------------------------------------------------------------------------

 NMR restraints: Bond =    0.000   Angle =     0.000   Torsion =     0.628
===============================================================================

 NSTEP =   405000   TIME(PS) =    2810.000  TEMP(K) =   266.93  PRESS =     0.0
 Etot   =        11.7694  EKtot   =        20.9521  EPtot      =        -9.1827
 BOND   =         5.3983  ANGLE   =         9.1403  DIHED      =        26.3853
 1-4 NB =         5.1054  1-4 EEL =       118.7085  VDWAALS    =        -3.8250
 EELEC  =      -148.5127  EGB     =       -25.2572  RESTRAINT  =         1.6801
 ESURF=         1.9943
 EAMBER (non-restraint)  =       -10.8628
 ------------------------------------------------------------------------------

 NMR restraints: Bond =    0.000   Angle =     0.000   Torsion =     1.680
===============================================================================
| RE_POSITION Moving by   9.012839  1.224687 -6.038665

 NSTEP =   410000   TIME(PS) =    2820.000  TEMP(K) =   305.77  PRESS =     0.0
 Etot   =        21.1732  EKtot   =        24.0008  EPtot      =        -2.8277
 BOND   =         6.0972  ANGLE   =         9.5160  DIHED      =        34.4270
 1-4 NB =         5.2840  1-4 EEL =       118.9477  VDWAALS    =        -2.2868
 EELEC  =      -157.1501  EGB     =       -19.7794  RESTRAINT  =         0.2041
 ESURF=         1.9127
 EAMBER (non-restraint)  =        -3.0317
 ------------------------------------------------------------------------------

 NMR restraints: Bond =    0.000   Angle =     0.000   Torsion =     0.204
===============================================================================

 NSTEP =   415000   TIME(PS) =    2830.000  TEMP(K) =   271.48  PRESS =     0.0
 Etot   =        13.0870  EKtot   =        21.3099  EPtot      =        -8.2229
 BOND   =         2.3123  ANGLE   =        12.2374  DIHED      =        27.7252
 1-4 NB =         4.5865  1-4 EEL =       119.1158  VDWAALS    =        -3.4963
 EELEC  =      -148.5971  EGB     =       -25.6829  RESTRAINT  =         1.5956
 ESURF=         1.9807
 EAMBER (non-restraint)  =        -9.8185
 ------------------------------------------------------------------------------

 NMR restraints: Bond =    0.000   Angle =     0.000   Torsion =     1.596
===============================================================================
| RE_POSITION Moving by  -4.108551  4.286433 -1.112172

 NSTEP =   420000   TIME(PS) =    2840.000  TEMP(K) =   351.24  PRESS =     0.0
 Etot   =        25.2583  EKtot   =        27.5706  EPtot      =        -2.3123
 BOND   =         4.8435  ANGLE   =        15.6945  DIHED      =        29.1525
 1-4 NB =         4.3835  1-4 EEL =       119.3432  VDWAALS    =        -4.2732
 EELEC  =      -150.2695  EGB     =       -24.1505  RESTRAINT  =         1.0052
 ESURF=         1.9585
 EAMBER (non-restraint)  =        -3.3175
 ------------------------------------------------------------------------------

 NMR restraints: Bond =    0.000   Angle =     0.000   Torsion =     1.005
===============================================================================

 NSTEP =   425000   TIME(PS) =    2850.000  TEMP(K) =   340.12  PRESS =     0.0
 Etot   =        22.9995  EKtot   =        26.6973  EPtot      =        -3.6978
 BOND   =         2.7859  ANGLE   =        14.9844  DIHED      =        31.2487
 1-4 NB =         4.8695  1-4 EEL =       118.1833  VDWAALS    =        -3.3687
 EELEC  =      -153.1360  EGB     =       -21.6801  RESTRAINT  =         0.4674
 ESURF=         1.9478
 EAMBER (non-restraint)  =        -4.1652
 ------------------------------------------------------------------------------

 NMR restraints: Bond =    0.000   Angle =     0.000   Torsion =     0.467
===============================================================================
| RE_POSITION Moving by   2.064049 -4.044766  5.032574

 NSTEP =   430000   TIME(PS) =    2860.000  TEMP(K) =   222.33  PRESS =     0.0
 Etot   =        15.9549  EKtot   =        17.4513  EPtot      =        -1.4963
 BOND   =         6.1902  ANGLE   =        15.3186  DIHED      =        30.0919
 1-4 NB =         3.6009  1-4 EEL =       118.1183  VDWAALS    =        -4.0527
 EELEC  =      -148.1982  EGB     =       -24.7576  RESTRAINT  =         0.1904
 ESURF=         2.0020
 EAMBER (non-restraint)  =        -1.6868
 ------------------------------------------------------------------------------

 NMR restraints: Bond =    0.000   Angle =     0.000   Torsion =     0.190
===============================================================================

 NSTEP =   435000   TIME(PS) =    2870.000  TEMP(K) =   366.26  PRESS =     0.0
 Etot   =        28.3039  EKtot   =        28.7496  EPtot      =        -0.4457
 BOND   =         5.6726  ANGLE   =        12.8829  DIHED      =        32.3359
 1-4 NB =         4.1106  1-4 EEL =       121.5304  VDWAALS    =        -3.8359
 EELEC  =      -154.0410  EGB     =       -21.8767  RESTRAINT  =         0.8365
 ESURF=         1.9391
 EAMBER (non-restraint)  =        -1.2822
 ------------------------------------------------------------------------------

 NMR restraints: Bond =    0.000   Angle =     0.000   Torsion =     0.837
===============================================================================
| RE_POSITION Moving by  -1.360853  2.701451 -1.366871

 NSTEP =   440000   TIME(PS) =    2880.000  TEMP(K) =   308.96  PRESS =     0.0
 Etot   =        21.7707  EKtot   =        24.2517  EPtot      =        -2.4810
 BOND   =         6.0229  ANGLE   =        16.5915  DIHED      =        27.5098
 1-4 NB =         4.0488  1-4 EEL =       119.6102  VDWAALS    =        -3.8581
 EELEC  =      -152.1895  EGB     =       -22.9041  RESTRAINT  =         0.7103
 ESURF=         1.9771
 EAMBER (non-restraint)  =        -3.1913
 ------------------------------------------------------------------------------

 NMR restraints: Bond =    0.000   Angle =     0.000   Torsion =     0.710
===============================================================================

 NSTEP =   445000   TIME(PS) =    2890.000  TEMP(K) =   247.05  PRESS =     0.0
 Etot   =        21.0311  EKtot   =        19.3919  EPtot      =         1.6391
 BOND   =         4.2140  ANGLE   =        16.2933  DIHED      =        31.3904
 1-4 NB =         5.3503  1-4 EEL =       114.5252  VDWAALS    =        -3.1002
 EELEC  =      -144.4928  EGB     =       -24.7956  RESTRAINT  =         0.2802
 ESURF=         1.9743
 EAMBER (non-restraint)  =         1.3590
 ------------------------------------------------------------------------------

 NMR restraints: Bond =    0.000   Angle =     0.000   Torsion =     0.280
===============================================================================
| RE_POSITION Moving by  -6.287435 -6.171693  4.950684

 NSTEP =   450000   TIME(PS) =    2900.000  TEMP(K) =   272.51  PRESS =     0.0
 Etot   =        16.1664  EKtot   =        21.3907  EPtot      =        -5.2243
 BOND   =         6.1208  ANGLE   =        12.6988  DIHED      =        29.5227
 1-4 NB =         4.3754  1-4 EEL =       119.2429  VDWAALS    =        -3.8672
 EELEC  =      -151.8822  EGB     =       -23.6924  RESTRAINT  =         0.2776
 ESURF=         1.9793
 EAMBER (non-restraint)  =        -5.5019
 ------------------------------------------------------------------------------

 NMR restraints: Bond =    0.000   Angle =     0.000   Torsion =     0.278
===============================================================================

 NSTEP =   455000   TIME(PS) =    2910.000  TEMP(K) =   314.49  PRESS =     0.0
 Etot   =        20.6701  EKtot   =        24.6857  EPtot      =        -4.0156
 BOND   =         2.7771  ANGLE   =        13.1151  DIHED      =        32.2707
 1-4 NB =         3.8394  1-4 EEL =       121.6378  VDWAALS    =        -4.1897
 EELEC  =      -152.9399  EGB     =       -22.5264  RESTRAINT  =         0.0279
 ESURF=         1.9724
 EAMBER (non-restraint)  =        -4.0435
 ------------------------------------------------------------------------------

 NMR restraints: Bond =    0.000   Angle =     0.000   Torsion =     0.028
===============================================================================
| RE_POSITION Moving by   3.826468 -5.125481  4.689169

 NSTEP =   460000   TIME(PS) =    2920.000  TEMP(K) =   307.36  PRESS =     0.0
 Etot   =        24.8277  EKtot   =        24.1260  EPtot      =         0.7018
 BOND   =         7.7705  ANGLE   =        14.3683  DIHED      =        28.8667
 1-4 NB =         5.1097  1-4 EEL =       114.5930  VDWAALS    =        -3.0682
 EELEC  =      -145.9076  EGB     =       -23.7272  RESTRAINT  =         0.6838
 ESURF=         2.0128
 EAMBER (non-restraint)  =         0.0180
 ------------------------------------------------------------------------------

 NMR restraints: Bond =    0.000   Angle =     0.000   Torsion =     0.684
===============================================================================

 NSTEP =   465000   TIME(PS) =    2930.000  TEMP(K) =   314.78  PRESS =     0.0
 Etot   =        24.1617  EKtot   =        24.7081  EPtot      =        -0.5464
 BOND   =         4.4123  ANGLE   =        17.0235  DIHED      =        28.8305
 1-4 NB =         5.2205  1-4 EEL =       120.3033  VDWAALS    =        -3.0686
 EELEC  =      -148.2848  EGB     =       -27.0183  RESTRAINT  =         0.0546
 ESURF=         1.9805
 EAMBER (non-restraint)  =        -0.6010
 ------------------------------------------------------------------------------

 NMR restraints: Bond =    0.000   Angle =     0.000   Torsion =     0.055
===============================================================================
| RE_POSITION Moving by   2.286633  2.329423  5.631079

 NSTEP =   470000   TIME(PS) =    2940.000  TEMP(K) =   314.07  PRESS =     0.0
 Etot   =        21.3223  EKtot   =        24.6529  EPtot      =        -3.3306
 BOND   =         2.4607  ANGLE   =        10.8951  DIHED      =        30.1829
 1-4 NB =         5.1956  1-4 EEL =       122.3138  VDWAALS    =        -4.1891
 EELEC  =      -153.8683  EGB     =       -22.4148  RESTRAINT  =         4.1354
 ESURF=         1.9581
 EAMBER (non-restraint)  =        -7.4660
 ------------------------------------------------------------------------------

 NMR restraints: Bond =    0.000   Angle =     0.000   Torsion =     4.135
===============================================================================

 NSTEP =   475000   TIME(PS) =    2950.000  TEMP(K) =   358.64  PRESS =     0.0
 Etot   =        30.0816  EKtot   =        28.1513  EPtot      =         1.9303
 BOND   =         6.4566  ANGLE   =        16.9669  DIHED      =        27.7632
 1-4 NB =         5.5945  1-4 EEL =       115.2283  VDWAALS    =        -3.0684
 EELEC  =      -147.2377  EGB     =       -21.8018  RESTRAINT  =         0.0322
 ESURF=         1.9965
 EAMBER (non-restraint)  =         1.8981
 ------------------------------------------------------------------------------

 NMR restraints: Bond =    0.000   Angle =     0.000   Torsion =     0.032
===============================================================================
| RE_POSITION Moving by   2.251568  6.246792  9.247230

 NSTEP =   480000   TIME(PS) =    2960.000  TEMP(K) =   347.92  PRESS =     0.0
 Etot   =        23.0766  EKtot   =        27.3094  EPtot      =        -4.2328
 BOND   =         3.9464  ANGLE   =        14.4015  DIHED      =        31.1468
 1-4 NB =         3.8369  1-4 EEL =       117.7112  VDWAALS    =        -3.5300
 EELEC  =      -148.0457  EGB     =       -25.7432  RESTRAINT  =         0.0447
 ESURF=         1.9985
 EAMBER (non-restraint)  =        -4.2776
 ------------------------------------------------------------------------------

 NMR restraints: Bond =    0.000   Angle =     0.000   Torsion =     0.045
===============================================================================

 NSTEP =   485000   TIME(PS) =    2970.000  TEMP(K) =   302.14  PRESS =     0.0
 Etot   =        24.0478  EKtot   =        23.7162  EPtot      =         0.3315
 BOND   =         5.2455  ANGLE   =        14.3676  DIHED      =        29.8263
 1-4 NB =         4.8626  1-4 EEL =       115.8894  VDWAALS    =        -1.1440
 EELEC  =      -146.3067  EGB     =       -24.6083  RESTRAINT  =         0.1926
 ESURF=         2.0065
 EAMBER (non-restraint)  =         0.1390
 ------------------------------------------------------------------------------

 NMR restraints: Bond =    0.000   Angle =     0.000   Torsion =     0.193
===============================================================================
| RE_POSITION Moving by  -2.819403 -4.388299  0.466431

 NSTEP =   490000   TIME(PS) =    2980.000  TEMP(K) =   269.62  PRESS =     0.0
 Etot   =        21.9017  EKtot   =        21.1634  EPtot      =         0.7384
 BOND   =         8.3192  ANGLE   =        11.2283  DIHED      =        32.3273
 1-4 NB =         5.1287  1-4 EEL =       119.9939  VDWAALS    =        -3.5439
 EELEC  =      -152.7050  EGB     =       -22.2087  RESTRAINT  =         0.2184
 ESURF=         1.9800
 EAMBER (non-restraint)  =         0.5200
 ------------------------------------------------------------------------------

 NMR restraints: Bond =    0.000   Angle =     0.000   Torsion =     0.218
===============================================================================

 NSTEP =   495000   TIME(PS) =    2990.000  TEMP(K) =   300.91  PRESS =     0.0
 Etot   =        24.5249  EKtot   =        23.6200  EPtot      =         0.9049
 BOND   =         3.3182  ANGLE   =        19.1668  DIHED      =        28.9992
 1-4 NB =         6.4451  1-4 EEL =       121.3665  VDWAALS    =        -3.9260
 EELEC  =      -151.8731  EGB     =       -24.6763  RESTRAINT  =         0.1167
 ESURF=         1.9678
 EAMBER (non-restraint)  =         0.7882
 ------------------------------------------------------------------------------

 NMR restraints: Bond =    0.000   Angle =     0.000   Torsion =     0.117
===============================================================================
| RE_POSITION Moving by -13.520862 -1.166356  3.876445

 NSTEP =   500000   TIME(PS) =    3000.000  TEMP(K) =   333.33  PRESS =     0.0
 Etot   =        25.6051  EKtot   =        26.1645  EPtot      =        -0.5595
 BOND   =         6.3186  ANGLE   =        16.6024  DIHED      =        29.0931
 1-4 NB =         3.8693  1-4 EEL =       120.8585  VDWAALS    =        -3.3549
 EELEC  =      -149.3215  EGB     =       -26.6098  RESTRAINT  =         0.0286
 ESURF=         1.9563
 EAMBER (non-restraint)  =        -0.5880
 ------------------------------------------------------------------------------

 NMR restraints: Bond =    0.000   Angle =     0.000   Torsion =     0.029
===============================================================================

      A V E R A G E S   O V E R  500000 S T E P S


 NSTEP =   500000   TIME(PS) =    3000.000  TEMP(K) =   299.92  PRESS =     0.0
 Etot   =        22.2922  EKtot   =        23.5416  EPtot      =        -1.2495
 BOND   =         5.3057  ANGLE   =        14.7564  DIHED      =        30.2177
 1-4 NB =         4.9180  1-4 EEL =       119.8126  VDWAALS    =        -3.8695
 EELEC  =      -151.7918  EGB     =       -23.1229  RESTRAINT  =         0.5788
 ESURF=         1.9454
 EAMBER (non-restraint)  =        -1.8283
 ------------------------------------------------------------------------------

 NMR restraints: Bond =    0.000   Angle =     0.000   Torsion =     0.029
===============================================================================

      R M S  F L U C T U A T I O N S


 NSTEP =   500000   TIME(PS) =    3000.000  TEMP(K) =    47.90  PRESS =     0.0
 Etot   =         5.3989  EKtot   =         3.7596  EPtot      =         3.8223
 BOND   =         1.9572  ANGLE   =         3.0744  DIHED      =         1.7604
 1-4 NB =         0.9861  1-4 EEL =         3.1668  VDWAALS    =         0.8599
 EELEC  =         3.4486  EGB     =         1.6992  RESTRAINT  =         0.7259
 ESURF=         0.0494
 EAMBER (non-restraint)  =         3.0964
 ------------------------------------------------------------------------------


 NMR restraints on final step:


--------------------------------------------------------------------------------
   5.  TIMINGS
--------------------------------------------------------------------------------

|                Calc gb radii             22.11 (24.85% of Gen B)
|                Calc gb diag              32.50 (36.52% of Gen B)
|                Calc gb off-diag          15.93 (17.90% of Gen B)
|                Surface area energy       18.27 (20.53% of Gen B)
|                Other                      0.17 ( 0.19% of Gen B)
|             Gen Born time             88.98 (100.0% of Nonbo)
|             IPS excludes               0.02 ( 0.02% of Nonbo)
|          Nonbond force             89.00 (85.18% of Force)
|          Bond/Angle/Dihedral       14.52 (13.90% of Force)
|          Other                      0.96 ( 0.92% of Force)
|       Force time               104.48 (94.56% of Runmd)
|       Shake time                 0.67 ( 0.60% of Runmd)
|       Verlet update time         5.21 ( 4.71% of Runmd)
|       Other                      0.14 ( 0.13% of Runmd)
|    Runmd Time               110.50 (100.0% of Total)
|    Other                      0.01 ( 0.01% of Total)
| Total time               110.51 (100.0% of ALL  )

| Number of list builds   :          0

| Highest rstack allocated:          0
| Highest istack allocated:          0

| Final Performance Info:
| -----------------------------------------------------
| Average timings for all steps:
|     Elapsed(s) =     110.50 Per Step(ms) =       0.22
|         ns/day =     781.91   seconds/ns =     110.50
| -----------------------------------------------------

|           Job began  at 06:50:22.175  on 10/03/2019
|           Setup done at 06:50:22.183  on 10/03/2019
|           Run   done at 06:52:12.681  on 10/03/2019
|     wallclock() was called13000113 times

|3D-RISM memory allocation summary
|Type          Maximum        Current   
|Integer       0.00000 GB     0.00000 GB
|Real          0.00000 GB     0.00000 GB
|Logical       0.00000 GB     0.00000 GB
|Character     0.00000 GB     0.00000 GB
|---------------------------------------
|Total         0.00000 GB     0.00000 GB
